#
# There is insufficient memory for the Java Runtime Environment to continue.
# Native memory allocation (malloc) failed to allocate 32744 bytes for ChunkPool::allocate
# Possible reasons:
#   The system is out of physical RAM or swap space
#   In 32 bit mode, the process size limit was hit
# Possible solutions:
#   Reduce memory load on the system
#   Increase physical memory or swap space
#   Check if swap backing store is full
#   Use 64 bit Java on a 64 bit OS
#   Decrease Java heap size (-Xmx/-Xms)
#   Decrease number of Java threads
#   Decrease Java thread stack sizes (-Xss)
#   Set larger code cache with -XX:ReservedCodeCacheSize=
# This output file may be truncated or incomplete.
#
#  Out of Memory Error (allocation.cpp:273), pid=35096, tid=0x0000000000007b38
#
# JRE version: Java(TM) SE Runtime Environment (8.0_111-b14) (build 1.8.0_111-b14)
# Java VM: Java HotSpot(TM) 64-Bit Server VM (25.111-b14 mixed mode windows-amd64 compressed oops)
# Failed to write core dump. Minidumps are not enabled by default on client versions of Windows
#

---------------  T H R E A D  ---------------

Current thread (0x000000001baac800):  JavaThread "C2 CompilerThread1" daemon [_thread_in_native, id=31544, stack(0x000000001c380000,0x000000001c480000)]

Stack: [0x000000001c380000,0x000000001c480000]
[error occurred during error reporting (printing stack bounds), id 0xc0000005]

Native frames: (J=compiled Java code, j=interpreted, Vv=VM code, C=native code)


Current CompileTask:
C2:   2466 2744 %     4       org.codehaus.plexus.util.xml.Xpp3DomBuilder::build @ 28 (413 bytes)


---------------  P R O C E S S  ---------------

Java Threads: ( => current thread )
  0x000000001bb00000 JavaThread "Service Thread" daemon [_thread_blocked, id=12352, stack(0x000000001c680000,0x000000001c780000)]
  0x000000001baba800 JavaThread "C1 CompilerThread3" daemon [_thread_blocked, id=3568, stack(0x000000001c580000,0x000000001c680000)]
  0x000000001bab7000 JavaThread "C2 CompilerThread2" daemon [_thread_in_native, id=21316, stack(0x000000001c480000,0x000000001c580000)]
=>0x000000001baac800 JavaThread "C2 CompilerThread1" daemon [_thread_in_native, id=31544, stack(0x000000001c380000,0x000000001c480000)]
  0x000000001baa9800 JavaThread "C2 CompilerThread0" daemon [_thread_in_native, id=24932, stack(0x000000001c280000,0x000000001c380000)]
  0x000000001baa7000 JavaThread "Attach Listener" daemon [_thread_blocked, id=34012, stack(0x000000001c180000,0x000000001c280000)]
  0x000000001baa6000 JavaThread "Signal Dispatcher" daemon [_thread_blocked, id=30940, stack(0x000000001c080000,0x000000001c180000)]
  0x0000000002c6e800 JavaThread "Finalizer" daemon [_thread_blocked, id=10180, stack(0x000000001be80000,0x000000001bf80000)]
  0x0000000002c67000 JavaThread "Reference Handler" daemon [_thread_blocked, id=7712, stack(0x000000001b980000,0x000000001ba80000)]
  0x0000000002b6d800 JavaThread "main" [_thread_in_Java, id=9476, stack(0x0000000002970000,0x0000000002a70000)]

Other Threads:
  0x0000000019b69800 VMThread [stack: 0x000000001b880000,0x000000001b980000] [id=26916]
  0x000000001bb02800 WatcherThread [stack: 0x000000001c780000,0x000000001c880000] [id=35756]

VM state:not at safepoint (normal execution)

VM Mutex/Monitor currently owned by a thread: None

Heap:
 PSYoungGen      total 54272K, used 30689K [0x0000000783f00000, 0x0000000787b80000, 0x00000007c0000000)
  eden space 46592K, 49% used [0x0000000783f00000,0x000000078557c6f0,0x0000000786c80000)
  from space 7680K, 99% used [0x0000000786c80000,0x00000007873fc030,0x0000000787400000)
  to   space 7680K, 0% used [0x0000000787400000,0x0000000787400000,0x0000000787b80000)
 ParOldGen       total 124416K, used 5051K [0x000000070bc00000, 0x0000000713580000, 0x0000000783f00000)
  object space 124416K, 4% used [0x000000070bc00000,0x000000070c0eef30,0x0000000713580000)
 Metaspace       used 15990K, capacity 16254K, committed 16384K, reserved 1062912K
  class space    used 1877K, capacity 1981K, committed 2048K, reserved 1048576K

Card table byte_map: [0x0000000012030000,0x00000000125e0000] byte_map_base: 0x000000000e7d2000

Marking Bits: (ParMarkBitMap*) 0x000000007595a6c0
 Begin Bits: [0x00000000131b0000, 0x0000000015ec0000)
 End Bits:   [0x0000000015ec0000, 0x0000000018bd0000)

Polling page: 0x0000000001110000

CodeCache: size=245760Kb used=9476Kb max_used=9476Kb free=236283Kb
 bounds [0x0000000002c70000, 0x00000000035c0000, 0x0000000011c70000]
 total_blobs=3148 nmethods=2779 adapters=281
 compilation: enabled

Compilation events (10 events):
Event: 2.454 Thread 0x000000001baba800 nmethod 2773 0x00000000035a9c50 code [0x00000000035a9dc0, 0x00000000035aa170]
Event: 2.454 Thread 0x000000001baba800 2774       3       org.eclipse.aether.resolution.ArtifactDescriptorRequest::setArtifact (7 bytes)
Event: 2.454 Thread 0x000000001baba800 nmethod 2774 0x00000000035b0dd0 code [0x00000000035b0f20, 0x00000000035b1090]
Event: 2.457 Thread 0x000000001baba800 2775       3       org.eclipse.aether.artifact.AbstractArtifact::setFile (29 bytes)
Event: 2.457 Thread 0x000000001baba800 nmethod 2775 0x00000000035b1110 code [0x00000000035b1360, 0x00000000035b2208]
Event: 2.457 Thread 0x000000001baba800 2776       3       org.codehaus.plexus.util.xml.pull.MXParser::setInput (10 bytes)
Event: 2.458 Thread 0x000000001baba800 nmethod 2776 0x00000000035b2810 code [0x00000000035b2980, 0x00000000035b2b48]
Event: 2.458 Thread 0x000000001baba800 2777       3       org.codehaus.plexus.util.xml.pull.MXParser::reset (169 bytes)
Event: 2.458 Thread 0x000000001baba800 nmethod 2777 0x00000000035b2c10 code [0x00000000035b2d80, 0x00000000035b30a8]
Event: 2.461 Thread 0x000000001baba800 2778       3       org.codehaus.plexus.util.xml.pull.MXParser::parseProlog (666 bytes)

GC Heap History (6 events):
Event: 1.040 GC heap before
{Heap before GC invocations=1 (full 0):
 PSYoungGen      total 54272K, used 46592K [0x0000000783f00000, 0x0000000787b80000, 0x00000007c0000000)
  eden space 46592K, 100% used [0x0000000783f00000,0x0000000786c80000,0x0000000786c80000)
  from space 7680K, 0% used [0x0000000787400000,0x0000000787400000,0x0000000787b80000)
  to   space 7680K, 0% used [0x0000000786c80000,0x0000000786c80000,0x0000000787400000)
 ParOldGen       total 124416K, used 0K [0x000000070bc00000, 0x0000000713580000, 0x0000000783f00000)
  object space 124416K, 0% used [0x000000070bc00000,0x000000070bc00000,0x0000000713580000)
 Metaspace       used 9699K, capacity 9832K, committed 9984K, reserved 1058816K
  class space    used 1172K, capacity 1210K, committed 1280K, reserved 1048576K
Event: 1.048 GC heap after
Heap after GC invocations=1 (full 0):
 PSYoungGen      total 54272K, used 7191K [0x0000000783f00000, 0x0000000787b80000, 0x00000007c0000000)
  eden space 46592K, 0% used [0x0000000783f00000,0x0000000783f00000,0x0000000786c80000)
  from space 7680K, 93% used [0x0000000786c80000,0x0000000787385df8,0x0000000787400000)
  to   space 7680K, 0% used [0x0000000787400000,0x0000000787400000,0x0000000787b80000)
 ParOldGen       total 124416K, used 16K [0x000000070bc00000, 0x0000000713580000, 0x0000000783f00000)
  object space 124416K, 0% used [0x000000070bc00000,0x000000070bc04000,0x0000000713580000)
 Metaspace       used 9699K, capacity 9832K, committed 9984K, reserved 1058816K
  class space    used 1172K, capacity 1210K, committed 1280K, reserved 1048576K
}
Event: 1.739 GC heap before
{Heap before GC invocations=2 (full 0):
 PSYoungGen      total 54272K, used 53783K [0x0000000783f00000, 0x0000000787b80000, 0x00000007c0000000)
  eden space 46592K, 100% used [0x0000000783f00000,0x0000000786c80000,0x0000000786c80000)
  from space 7680K, 93% used [0x0000000786c80000,0x0000000787385df8,0x0000000787400000)
  to   space 7680K, 0% used [0x0000000787400000,0x0000000787400000,0x0000000787b80000)
 ParOldGen       total 124416K, used 16K [0x000000070bc00000, 0x0000000713580000, 0x0000000783f00000)
  object space 124416K, 0% used [0x000000070bc00000,0x000000070bc04000,0x0000000713580000)
 Metaspace       used 15091K, capacity 15336K, committed 15616K, reserved 1062912K
  class space    used 1833K, capacity 1940K, committed 2048K, reserved 1048576K
Event: 1.749 GC heap after
Heap after GC invocations=2 (full 0):
 PSYoungGen      total 54272K, used 7666K [0x0000000783f00000, 0x0000000787b80000, 0x00000007c0000000)
  eden space 46592K, 0% used [0x0000000783f00000,0x0000000783f00000,0x0000000786c80000)
  from space 7680K, 99% used [0x0000000787400000,0x0000000787b7cbf8,0x0000000787b80000)
  to   space 7680K, 0% used [0x0000000786c80000,0x0000000786c80000,0x0000000787400000)
 ParOldGen       total 124416K, used 2099K [0x000000070bc00000, 0x0000000713580000, 0x0000000783f00000)
  object space 124416K, 1% used [0x000000070bc00000,0x000000070be0cd30,0x0000000713580000)
 Metaspace       used 15091K, capacity 15336K, committed 15616K, reserved 1062912K
  class space    used 1833K, capacity 1940K, committed 2048K, reserved 1048576K
}
Event: 2.214 GC heap before
{Heap before GC invocations=3 (full 0):
 PSYoungGen      total 54272K, used 54258K [0x0000000783f00000, 0x0000000787b80000, 0x00000007c0000000)
  eden space 46592K, 100% used [0x0000000783f00000,0x0000000786c80000,0x0000000786c80000)
  from space 7680K, 99% used [0x0000000787400000,0x0000000787b7cbf8,0x0000000787b80000)
  to   space 7680K, 0% used [0x0000000786c80000,0x0000000786c80000,0x0000000787400000)
 ParOldGen       total 124416K, used 2099K [0x000000070bc00000, 0x0000000713580000, 0x0000000783f00000)
  object space 124416K, 1% used [0x000000070bc00000,0x000000070be0cd30,0x0000000713580000)
 Metaspace       used 15749K, capacity 15980K, committed 16128K, reserved 1062912K
  class space    used 1876K, capacity 1978K, committed 2048K, reserved 1048576K
Event: 2.223 GC heap after
Heap after GC invocations=3 (full 0):
 PSYoungGen      total 54272K, used 7664K [0x0000000783f00000, 0x0000000787b80000, 0x00000007c0000000)
  eden space 46592K, 0% used [0x0000000783f00000,0x0000000783f00000,0x0000000786c80000)
  from space 7680K, 99% used [0x0000000786c80000,0x00000007873fc030,0x0000000787400000)
  to   space 7680K, 0% used [0x0000000787400000,0x0000000787400000,0x0000000787b80000)
 ParOldGen       total 124416K, used 5051K [0x000000070bc00000, 0x0000000713580000, 0x0000000783f00000)
  object space 124416K, 4% used [0x000000070bc00000,0x000000070c0eef30,0x0000000713580000)
 Metaspace       used 15749K, capacity 15980K, committed 16128K, reserved 1062912K
  class space    used 1876K, capacity 1978K, committed 2048K, reserved 1048576K
}

Deoptimization events (10 events):
Event: 1.670 Thread 0x0000000002b6d800 Uncommon trap: reason=unstable_if action=reinterpret pc=0x000000000301ca1c method=java.lang.String.regionMatches(ZILjava/lang/String;II)Z @ 25
Event: 1.681 Thread 0x0000000002b6d800 Uncommon trap: reason=unstable_if action=reinterpret pc=0x0000000003274f5c method=org.codehaus.plexus.util.xml.pull.MXParser.nextImpl()I @ 879
Event: 1.732 Thread 0x0000000002b6d800 Uncommon trap: reason=unstable_if action=reinterpret pc=0x00000000032b46e8 method=org.codehaus.plexus.util.xml.pull.MXParser.nextImpl()I @ 972
Event: 1.752 Thread 0x0000000002b6d800 Uncommon trap: reason=unstable_if action=reinterpret pc=0x00000000031ccc88 method=sun.nio.cs.UTF_8$Decoder.decode([BII[C)I @ 30
Event: 1.771 Thread 0x0000000002b6d800 Uncommon trap: reason=unstable_if action=reinterpret pc=0x00000000032a1f44 method=org.apache.maven.model.validation.DefaultModelValidator.isValidIdCharacter(C)Z @ 51
Event: 1.805 Thread 0x0000000002b6d800 Uncommon trap: reason=unstable_if action=reinterpret pc=0x00000000031a6098 method=org.eclipse.sisu.inject.InjectorBindings.isAssignableFrom(Lcom/google/inject/TypeLiteral;Lcom/google/inject/Binding;)Z @ 14
Event: 1.865 Thread 0x0000000002b6d800 Uncommon trap: reason=null_check action=make_not_entrant pc=0x0000000003361068 method=org.apache.maven.model.io.xpp3.MavenXpp3Reader.checkFieldWithDuplicate(Lorg/codehaus/plexus/util/xml/pull/XmlPullParser;Ljava/lang/String;Ljava/lang/String;Ljava/util/Se
Event: 2.140 Thread 0x0000000002b6d800 Uncommon trap: reason=unstable_if action=reinterpret pc=0x00000000033f6588 method=org.codehaus.plexus.util.xml.pull.MXParser.parseAttribute()C @ 995
Event: 2.158 Thread 0x0000000002b6d800 Uncommon trap: reason=unstable_if action=reinterpret pc=0x00000000033abd3c method=org.apache.maven.model.io.xpp3.MavenXpp3Reader.nextTag(Lorg/codehaus/plexus/util/xml/pull/XmlPullParser;)I @ 9
Event: 2.182 Thread 0x0000000002b6d800 Uncommon trap: reason=unstable_if action=reinterpret pc=0x000000000322c59c method=java.util.LinkedHashMap.afterNodeInsertion(Z)V @ 18

Internal exceptions (10 events):
Event: 1.526 Thread 0x0000000002b6d800 Exception <a 'java/lang/NullPointerException'> (0x0000000785f50f30) thrown at [C:\re\workspace\8-2-build-windows-amd64-cygwin\jdk8u111\7883\hotspot\src\share\vm\interpreter\linkResolver.cpp, line 1178]
Event: 1.526 Thread 0x0000000002b6d800 Exception <a 'java/lang/NullPointerException'> (0x0000000785f51148) thrown at [C:\re\workspace\8-2-build-windows-amd64-cygwin\jdk8u111\7883\hotspot\src\share\vm\interpreter\linkResolver.cpp, line 1178]
Event: 1.526 Thread 0x0000000002b6d800 Exception <a 'java/lang/NullPointerException'> (0x0000000785f51360) thrown at [C:\re\workspace\8-2-build-windows-amd64-cygwin\jdk8u111\7883\hotspot\src\share\vm\interpreter\linkResolver.cpp, line 1178]
Event: 1.527 Thread 0x0000000002b6d800 Exception <a 'java/lang/NullPointerException'> (0x0000000785f5aef8) thrown at [C:\re\workspace\8-2-build-windows-amd64-cygwin\jdk8u111\7883\hotspot\src\share\vm\interpreter\linkResolver.cpp, line 1178]
Event: 1.527 Thread 0x0000000002b6d800 Exception <a 'java/lang/NullPointerException'> (0x0000000785f5b110) thrown at [C:\re\workspace\8-2-build-windows-amd64-cygwin\jdk8u111\7883\hotspot\src\share\vm\interpreter\linkResolver.cpp, line 1178]
Event: 1.527 Thread 0x0000000002b6d800 Exception <a 'java/lang/NullPointerException'> (0x0000000785f5b328) thrown at [C:\re\workspace\8-2-build-windows-amd64-cygwin\jdk8u111\7883\hotspot\src\share\vm\interpreter\linkResolver.cpp, line 1178]
Event: 1.550 Thread 0x0000000002b6d800 Implicit null exception at 0x0000000002e5bc16 to 0x0000000002e5bfc5
Event: 1.550 Thread 0x0000000002b6d800 Implicit null exception at 0x0000000002e470d6 to 0x0000000002e4747d
Event: 1.641 Thread 0x0000000002b6d800 Implicit null exception at 0x000000000322cf03 to 0x000000000322d14d
Event: 1.865 Thread 0x0000000002b6d800 Implicit null exception at 0x0000000003360e03 to 0x000000000336104d

Events (10 events):
Event: 2.140 Thread 0x0000000002b6d800 DEOPT PACKING pc=0x00000000033f6588 sp=0x0000000002a6c620
Event: 2.140 Thread 0x0000000002b6d800 DEOPT UNPACKING pc=0x0000000002cb582a sp=0x0000000002a6c5b0 mode 2
Event: 2.158 Thread 0x0000000002b6d800 Uncommon trap: trap_request=0xffffff65 fr.pc=0x00000000033abd3c
Event: 2.158 Thread 0x0000000002b6d800 DEOPT PACKING pc=0x00000000033abd3c sp=0x0000000002a6ca40
Event: 2.158 Thread 0x0000000002b6d800 DEOPT UNPACKING pc=0x0000000002cb582a sp=0x0000000002a6c9d8 mode 2
Event: 2.182 Thread 0x0000000002b6d800 Uncommon trap: trap_request=0xffffff65 fr.pc=0x000000000322c59c
Event: 2.182 Thread 0x0000000002b6d800 DEOPT PACKING pc=0x000000000322c59c sp=0x0000000002a6c950
Event: 2.182 Thread 0x0000000002b6d800 DEOPT UNPACKING pc=0x0000000002cb582a sp=0x0000000002a6c8d8 mode 2
Event: 2.214 Executing VM operation: ParallelGCFailedAllocation
Event: 2.223 Executing VM operation: ParallelGCFailedAllocation done


Dynamic libraries:
0x00007ff714930000 - 0x00007ff714967000 	C:\Program Files\Java\JDK\jdk1.8.0_111\bin\javaw.exe
0x00007fff284b0000 - 0x00007fff286a5000 	C:\WINDOWS\SYSTEM32\ntdll.dll
0x00007fff26dd0000 - 0x00007fff26e8d000 	C:\WINDOWS\System32\KERNEL32.DLL
0x00007fff25ef0000 - 0x00007fff261b9000 	C:\WINDOWS\System32\KERNELBASE.dll
0x00007fff27e40000 - 0x00007fff27eec000 	C:\WINDOWS\System32\ADVAPI32.dll
0x00007fff27bf0000 - 0x00007fff27c8e000 	C:\WINDOWS\System32\msvcrt.dll
0x00007fff26520000 - 0x00007fff265bb000 	C:\WINDOWS\System32\sechost.dll
0x00007fff26ea0000 - 0x00007fff26fca000 	C:\WINDOWS\System32\RPCRT4.dll
0x00007fff280f0000 - 0x00007fff28290000 	C:\WINDOWS\System32\USER32.dll
0x00007fff25ca0000 - 0x00007fff25cc2000 	C:\WINDOWS\System32\win32u.dll
0x00007fff26fd0000 - 0x00007fff26ffa000 	C:\WINDOWS\System32\GDI32.dll
0x00007fff263b0000 - 0x00007fff264bb000 	C:\WINDOWS\System32\gdi32full.dll
0x00007fff261c0000 - 0x00007fff2625d000 	C:\WINDOWS\System32\msvcp_win.dll
0x00007fff262b0000 - 0x00007fff263b0000 	C:\WINDOWS\System32\ucrtbase.dll
0x00007fff1e0a0000 - 0x00007fff1e33a000 	C:\WINDOWS\WinSxS\amd64_microsoft.windows.common-controls_6595b64144ccf1df_6.0.19041.1110_none_60b5254171f9507e\COMCTL32.dll
0x00007fff27b40000 - 0x00007fff27b70000 	C:\WINDOWS\System32\IMM32.DLL
0x00000000759e0000 - 0x0000000075ab2000 	C:\Program Files\Java\JDK\jdk1.8.0_111\jre\bin\msvcr100.dll
0x0000000075140000 - 0x00000000759da000 	C:\Program Files\Java\JDK\jdk1.8.0_111\jre\bin\server\jvm.dll
0x00007fff280e0000 - 0x00007fff280e8000 	C:\WINDOWS\System32\PSAPI.DLL
0x00007fff13a80000 - 0x00007fff13a89000 	C:\WINDOWS\SYSTEM32\WSOCK32.dll
0x00007fff1db30000 - 0x00007fff1db3a000 	C:\WINDOWS\SYSTEM32\VERSION.dll
0x00007fff12b40000 - 0x00007fff12b67000 	C:\WINDOWS\SYSTEM32\WINMM.dll
0x00007fff28290000 - 0x00007fff282fb000 	C:\WINDOWS\System32\WS2_32.dll
0x0000000075130000 - 0x000000007513f000 	C:\Program Files\Java\JDK\jdk1.8.0_111\jre\bin\verify.dll
0x0000000075100000 - 0x0000000075129000 	C:\Program Files\Java\JDK\jdk1.8.0_111\jre\bin\java.dll
0x00000000750e0000 - 0x00000000750f6000 	C:\Program Files\Java\JDK\jdk1.8.0_111\jre\bin\zip.dll
0x00007fff26670000 - 0x00007fff26daf000 	C:\WINDOWS\System32\SHELL32.dll
0x00007fff23a10000 - 0x00007fff241a1000 	C:\WINDOWS\SYSTEM32\windows.storage.dll
0x00007fff277e0000 - 0x00007fff27b35000 	C:\WINDOWS\System32\combase.dll
0x00007fff25590000 - 0x00007fff255bc000 	C:\WINDOWS\SYSTEM32\Wldp.dll
0x00007fff265c0000 - 0x00007fff2666e000 	C:\WINDOWS\System32\SHCORE.dll
0x00007fff28360000 - 0x00007fff283b5000 	C:\WINDOWS\System32\shlwapi.dll
0x00007fff25b30000 - 0x00007fff25b4f000 	C:\WINDOWS\SYSTEM32\profapi.dll
0x00007fff254d0000 - 0x00007fff254e8000 	C:\WINDOWS\SYSTEM32\CRYPTSP.dll
0x00007fff24c90000 - 0x00007fff24cc4000 	C:\WINDOWS\system32\rsaenh.dll
0x00007fff25d60000 - 0x00007fff25d87000 	C:\WINDOWS\System32\bcrypt.dll
0x00007fff25af0000 - 0x00007fff25b1e000 	C:\WINDOWS\SYSTEM32\USERENV.dll
0x00007fff25cd0000 - 0x00007fff25d53000 	C:\WINDOWS\System32\bcryptprimitives.dll
0x00007fff254f0000 - 0x00007fff254fc000 	C:\WINDOWS\SYSTEM32\CRYPTBASE.dll
0x00000000750c0000 - 0x00000000750da000 	C:\Program Files\Java\JDK\jdk1.8.0_111\jre\bin\net.dll
0x00007fff252f0000 - 0x00007fff2535a000 	C:\WINDOWS\system32\mswsock.dll
0x00007fff24fe0000 - 0x00007fff2501b000 	C:\WINDOWS\SYSTEM32\IPHLPAPI.DLL
0x00007fff26e90000 - 0x00007fff26e98000 	C:\WINDOWS\System32\NSI.dll
0x00007fff1df30000 - 0x00007fff1df47000 	C:\WINDOWS\SYSTEM32\dhcpcsvc6.DLL
0x00007fff1ec60000 - 0x00007fff1ec7d000 	C:\WINDOWS\SYSTEM32\dhcpcsvc.DLL
0x00007fff25020000 - 0x00007fff250ec000 	C:\WINDOWS\SYSTEM32\DNSAPI.dll
0x00000000750a0000 - 0x00000000750b1000 	C:\Program Files\Java\JDK\jdk1.8.0_111\jre\bin\nio.dll
0x00007fff1f240000 - 0x00007fff1f24a000 	C:\Users\User\AppData\Local\Temp\jansi-1.17.1-3249034459189790098.dll

VM Arguments:
jvm_args: -Dmaven.home=EMBEDDED -Dclassworlds.conf=E:\Vijayalakshmi I0025\Lab activities- SRM\week1\Day1\.metadata\.plugins\org.eclipse.m2e.launching\launches\m2conf3298229462978704500.tmp -Dmaven.multiModuleProjectDirectory=E:\Vijayalakshmi I0025\Training_II\Reactjs\React\SocietyFinanceManagement\sfmbackend\sfmbackend -Djansi.force=true -Djansi.passthrough=true -Dfile.encoding=Cp1252 
java_command: org.codehaus.plexus.classworlds.launcher.Launcher -B clean install -Dstyle.color=always
java_class_path (initial): C:\Users\User\Downloads\sts-4.9.0.RELEASE\plugins\org.eclipse.m2e.maven.runtime_1.16.0.20200610-1735\jars\plexus-classworlds-2.6.0.jar
Launcher Type: SUN_STANDARD

Environment Variables:
JAVA_HOME=C:\Program Files\Java\JDK\jdk1.8.0_111
PATH=C:/Users/User/Downloads/sts-4.9.0.RELEASE//plugins/org.eclipse.justj.openjdk.hotspot.jre.full.win32.x86_64_15.0.1.v20201027-0507/jre/bin/server;C:/Users/User/Downloads/sts-4.9.0.RELEASE//plugins/org.eclipse.justj.openjdk.hotspot.jre.full.win32.x86_64_15.0.1.v20201027-0507/jre/bin;C:\Program Files\Common Files\Oracle\Java\javapath;C:\app\User\product\18.0.0\dbhomeXE\bin;C:\Program Files\AdoptOpenJDK\jdk-11.0.10.9-hotspot\bin;C:\Program Files (x86)\Common Files\Oracle\Java\javapath;C:\WINDOWS\system32;C:\WINDOWS;C:\WINDOWS\System32\Wbem;C:\WINDOWS\System32\WindowsPowerShell\v1.0\;C:\WINDOWS\System32\OpenSSH\;C:\Program Files\nodejs\;C:\Program Files\Git\cmd;C:\Users\User\Downloads\sonar-scanner-cli-4.6.2.2472-windows\sonar-scanner-4.6.2.2472-windows\bin;C:\Program Files\Java\apache-maven-3.8.1-bin(1)\apache-maven-3.8.1\bin;C:\Program Files\MySQL\MySQL Shell 8.0\bin\;C:\Users\User\AppData\Local\Microsoft\WindowsApps;C:\Users\User\AppData\Local\Programs\Microsoft VS Code\bin;C:\Users\User\AppData\Roaming\npm;C:\Program Files\Java\apache-maven-3.8.1-bin\apache-maven-3.8.1\bin;C:\Users\User\AppData\Local\GitHubDesktop\bin;C:\Program Files\Java\apache-maven-3.8.1-bin(1)\apache-maven-3.8.1\bin;;C:\Users\User\Downloads\sts-4.9.0.RELEASE;
USERNAME=User
OS=Windows_NT
PROCESSOR_IDENTIFIER=Intel64 Family 6 Model 142 Stepping 10, GenuineIntel



---------------  S Y S T E M  ---------------

OS: Windows 10.0 , 64 bit Build 19041 (10.0.19041.1023)

CPU:total 8 (4 cores per cpu, 2 threads per core) family 6 model 142 stepping 10, cmov, cx8, fxsr, mmx, sse, sse2, sse3, ssse3, sse4.1, sse4.2, popcnt, avx, avx2, aes, clmul, erms, 3dnowpref, lzcnt, ht, tsc, tscinvbit, bmi1, bmi2, adx

Memory: 4k page, physical 11810844k(2450132k free), swap 26326964k(5120k free)

vm_info: Java HotSpot(TM) 64-Bit Server VM (25.111-b14) for windows-amd64 JRE (1.8.0_111-b14), built on Sep 22 2016 19:24:05 by "java_re" with MS VC++ 10.0 (VS2010)

time: Thu Aug 12 15:45:21 2021
elapsed time: 2 seconds (0d 0h 0m 2s)

