#
# There is insufficient memory for the Java Runtime Environment to continue.
# Native memory allocation (mmap) failed to map 190840832 bytes for G1 virtual space
# Possible reasons:
#   The system is out of physical RAM or swap space
#   The process is running with CompressedOops enabled, and the Java Heap may be blocking the growth of the native heap
# Possible solutions:
#   Reduce memory load on the system
#   Increase physical memory or swap space
#   Check if swap backing store is full
#   Decrease Java heap size (-Xmx/-Xms)
#   Decrease number of Java threads
#   Decrease Java thread stack sizes (-Xss)
#   Set larger code cache with -XX:ReservedCodeCacheSize=
#   JVM is running with Zero Based Compressed Oops mode in which the Java heap is
#     placed in the first 32GB address space. The Java Heap base address is the
#     maximum limit for the native heap growth. Please use -XX:HeapBaseMinAddress
#     to set the Java Heap base and to place the Java Heap above 32GB virtual address.
# This output file may be truncated or incomplete.
#
#  Out of Memory Error (./open/src/hotspot/os/windows/os_windows.cpp:3472), pid=14344, tid=15656
#
# JRE version:  (15.0.1+9) (build )
# Java VM: OpenJDK 64-Bit Server VM (15.0.1+9-18, mixed mode, sharing, tiered, compressed oops, g1 gc, windows-amd64)
# No core dump will be written. Minidumps are not enabled by default on client versions of Windows
#

---------------  S U M M A R Y ------------

Command Line: -Dmaven.home=EMBEDDED -Dclassworlds.conf=E:\Vijayalakshmi I0025\Lab activities- SRM\week1\Day1\.metadata\.plugins\org.eclipse.m2e.launching\launches\m2conf7791316175557356864.tmp -Dmaven.multiModuleProjectDirectory=E:\Vijayalakshmi I0025\Training_II\Reactjs\React\SocietyFinanceManagement\sfmbackend\sfmbackend -Djansi.force=true -Djansi.passthrough=true -Dfile.encoding=Cp1252 -XX:+ShowCodeDetailsInExceptionMessages org.codehaus.plexus.classworlds.launcher.Launcher -B clean -Dstyle.color=always

Host: Intel(R) Core(TM) i5-8250U CPU @ 1.60GHz, 8 cores, 11G,  Windows 10 , 64 bit Build 19041 (10.0.19041.1023)
Time: Thu Aug 12 15:24:10 2021 India Standard Time elapsed time: 0.013568 seconds (0d 0h 0m 0s)

---------------  T H R E A D  ---------------

Current thread (0x000002cd1a990c20):  JavaThread "Unknown thread" [_thread_in_vm, id=15656, stack(0x000000d1cd700000,0x000000d1cd800000)]

Stack: [0x000000d1cd700000,0x000000d1cd800000]
Native frames: (J=compiled Java code, j=interpreted, Vv=VM code, C=native code)
V  [jvm.dll+0x62ae9a]
V  [jvm.dll+0x781389]
V  [jvm.dll+0x782ae3]
V  [jvm.dll+0x783143]
V  [jvm.dll+0x216265]
V  [jvm.dll+0x6281d9]
V  [jvm.dll+0x61cd15]
V  [jvm.dll+0x2d01fd]
V  [jvm.dll+0x2d0062]
V  [jvm.dll+0x2d603c]
V  [jvm.dll+0x325b2a]
V  [jvm.dll+0x3251f4]
V  [jvm.dll+0x2a717a]
V  [jvm.dll+0x2a8318]
V  [jvm.dll+0x75e101]
V  [jvm.dll+0x3343e4]
V  [jvm.dll+0x73e826]
V  [jvm.dll+0x3b7777]
V  [jvm.dll+0x3b9201]
C  [jli.dll+0x52fb]
C  [ucrtbase.dll+0x21bb2]
C  [KERNEL32.DLL+0x17034]
C  [ntdll.dll+0x52651]


---------------  P R O C E S S  ---------------

Threads class SMR info:
_java_thread_list=0x00007ffef0d74ff0, length=0, elements={
}

Java Threads: ( => current thread )

Other Threads:
  0x000002cd1a9d3fb0 GCTaskThread "GC Thread#0" [stack: 0x000000d1cd800000,0x000000d1cd900000] [id=35204]
  0x000002cd1a9e1d70 ConcurrentGCThread "G1 Main Marker" [stack: 0x000000d1cd900000,0x000000d1cda00000] [id=1896]
  0x000002cd1a9e3970 ConcurrentGCThread "G1 Conc#0" [stack: 0x000000d1cda00000,0x000000d1cdb00000] [id=27028]

[error occurred during error reporting (printing all threads), id 0xc0000005, EXCEPTION_ACCESS_VIOLATION (0xc0000005) at pc=0x00007ffef0568047]

VM state: not at safepoint (not fully initialized)

VM Mutex/Monitor currently owned by a thread:  ([mutex/lock_event])
[0x000002cd1a98b8b0] Heap_lock - owner thread: 0x000002cd1a990c20

Heap address: 0x000000074bc00000, size: 2884 MB, Compressed Oops mode: Zero based, Oop shift amount: 3
CDS archive(s) mapped at: [0x0000000000000000-0x0000000000000000-0x0000000000000000), size 0, SharedBaseAddress: 0x0000000800000000, ArchiveRelocationMode: 0.
Narrow klass base: 0x0000000000000000, Narrow klass shift: 0, Narrow klass range: 0x0

Heap:
 garbage-first heap   total 186368K, used 0K [0x000000074bc00000, 0x0000000800000000)
  region size 2048K, 0 young (0K), 0 survivors (0K)
 Metaspace       used 0K, capacity 0K, committed 0K, reserved 0K
  class space    used 0K, capacity 0K, committed 0K, reserved 0K

Heap Regions: E=young(eden), S=young(survivor), O=old, HS=humongous(starts), HC=humongous(continues), CS=collection set, F=free, OA=open archive, CA=closed archive, TAMS=top-at-mark-start (previous, next)

Card table byte_map: [0x000002cd2dc90000,0x000002cd2e240000] _byte_map_base: 0x000002cd2a232000

Marking Bits (Prev, Next): (CMBitMap*) 0x000002cd1a9d47a0, (CMBitMap*) 0x000002cd1a9d47e0
 Prev Bits: [0x000002cd2e7f0000, 0x000002cd31500000)
 Next Bits: [0x000002cd31500000, 0x000002cd34210000)

GC Heap History (0 events):
No events

Deoptimization events (0 events):
No events

Classes unloaded (0 events):
No events

Classes redefined (0 events):
No events

Internal exceptions (0 events):
No events

Events (1 events):
Event: 0.006 Loaded shared library C:\Users\User\Downloads\sts-4.9.0.RELEASE\plugins\org.eclipse.justj.openjdk.hotspot.jre.full.win32.x86_64_15.0.1.v20201027-0507\jre\bin\java.dll


Dynamic libraries:
0x00007ff6dbe70000 - 0x00007ff6dbe7d000 	C:\Users\User\Downloads\sts-4.9.0.RELEASE\plugins\org.eclipse.justj.openjdk.hotspot.jre.full.win32.x86_64_15.0.1.v20201027-0507\jre\bin\javaw.exe
0x00007fff284b0000 - 0x00007fff286a5000 	C:\WINDOWS\SYSTEM32\ntdll.dll
0x00007fff26dd0000 - 0x00007fff26e8d000 	C:\WINDOWS\System32\KERNEL32.DLL
0x00007fff25ef0000 - 0x00007fff261b9000 	C:\WINDOWS\System32\KERNELBASE.dll
0x00007fff262b0000 - 0x00007fff263b0000 	C:\WINDOWS\System32\ucrtbase.dll
0x00007fff10be0000 - 0x00007fff10bf8000 	C:\Users\User\Downloads\sts-4.9.0.RELEASE\plugins\org.eclipse.justj.openjdk.hotspot.jre.full.win32.x86_64_15.0.1.v20201027-0507\jre\bin\jli.dll
0x00007fff106d0000 - 0x00007fff106e9000 	C:\Users\User\Downloads\sts-4.9.0.RELEASE\plugins\org.eclipse.justj.openjdk.hotspot.jre.full.win32.x86_64_15.0.1.v20201027-0507\jre\bin\VCRUNTIME140.dll
0x00007fff280f0000 - 0x00007fff28290000 	C:\WINDOWS\System32\USER32.dll
0x00007fff25ca0000 - 0x00007fff25cc2000 	C:\WINDOWS\System32\win32u.dll
0x00007fff1e0a0000 - 0x00007fff1e33a000 	C:\WINDOWS\WinSxS\amd64_microsoft.windows.common-controls_6595b64144ccf1df_6.0.19041.1110_none_60b5254171f9507e\COMCTL32.dll
0x00007fff26fd0000 - 0x00007fff26ffa000 	C:\WINDOWS\System32\GDI32.dll
0x00007fff27bf0000 - 0x00007fff27c8e000 	C:\WINDOWS\System32\msvcrt.dll
0x00007fff263b0000 - 0x00007fff264bb000 	C:\WINDOWS\System32\gdi32full.dll
0x00007fff261c0000 - 0x00007fff2625d000 	C:\WINDOWS\System32\msvcp_win.dll
0x00007fff27b40000 - 0x00007fff27b70000 	C:\WINDOWS\System32\IMM32.DLL
0x00007fff21fb0000 - 0x00007fff21fbc000 	C:\Users\User\Downloads\sts-4.9.0.RELEASE\plugins\org.eclipse.justj.openjdk.hotspot.jre.full.win32.x86_64_15.0.1.v20201027-0507\jre\bin\vcruntime140_1.dll
0x00007ffeffbd0000 - 0x00007ffeffc61000 	C:\Users\User\Downloads\sts-4.9.0.RELEASE\plugins\org.eclipse.justj.openjdk.hotspot.jre.full.win32.x86_64_15.0.1.v20201027-0507\jre\bin\msvcp140.dll
0x00007ffef02b0000 - 0x00007ffef0e0e000 	C:\Users\User\Downloads\sts-4.9.0.RELEASE\plugins\org.eclipse.justj.openjdk.hotspot.jre.full.win32.x86_64_15.0.1.v20201027-0507\jre\bin\server\jvm.dll
0x00007fff27e40000 - 0x00007fff27eec000 	C:\WINDOWS\System32\ADVAPI32.dll
0x00007fff26520000 - 0x00007fff265bb000 	C:\WINDOWS\System32\sechost.dll
0x00007fff26ea0000 - 0x00007fff26fca000 	C:\WINDOWS\System32\RPCRT4.dll
0x00007fff280e0000 - 0x00007fff280e8000 	C:\WINDOWS\System32\PSAPI.DLL
0x00007fff13a80000 - 0x00007fff13a89000 	C:\WINDOWS\SYSTEM32\WSOCK32.dll
0x00007fff1db30000 - 0x00007fff1db3a000 	C:\WINDOWS\SYSTEM32\VERSION.dll
0x00007fff12b40000 - 0x00007fff12b67000 	C:\WINDOWS\SYSTEM32\WINMM.dll
0x00007fff28290000 - 0x00007fff282fb000 	C:\WINDOWS\System32\WS2_32.dll
0x00007fff24500000 - 0x00007fff24512000 	C:\WINDOWS\SYSTEM32\kernel.appcore.dll
0x00007fff23680000 - 0x00007fff2368a000 	C:\Users\User\Downloads\sts-4.9.0.RELEASE\plugins\org.eclipse.justj.openjdk.hotspot.jre.full.win32.x86_64_15.0.1.v20201027-0507\jre\bin\jimage.dll
0x00007fff241c0000 - 0x00007fff243a4000 	C:\WINDOWS\SYSTEM32\DBGHELP.DLL
0x00007fff121d0000 - 0x00007fff121fc000 	C:\WINDOWS\SYSTEM32\dbgcore.DLL
0x00007fff25cd0000 - 0x00007fff25d53000 	C:\WINDOWS\System32\bcryptPrimitives.dll
0x00007fff1a560000 - 0x00007fff1a585000 	C:\Users\User\Downloads\sts-4.9.0.RELEASE\plugins\org.eclipse.justj.openjdk.hotspot.jre.full.win32.x86_64_15.0.1.v20201027-0507\jre\bin\java.dll

dbghelp: loaded successfully - version: 4.0.5 - missing functions: none
symbol engine: initialized successfully - sym options: 0x614 - pdb path: .;C:\Users\User\Downloads\sts-4.9.0.RELEASE\plugins\org.eclipse.justj.openjdk.hotspot.jre.full.win32.x86_64_15.0.1.v20201027-0507\jre\bin;C:\WINDOWS\SYSTEM32;C:\WINDOWS\WinSxS\amd64_microsoft.windows.common-controls_6595b64144ccf1df_6.0.19041.1110_none_60b5254171f9507e;C:\Users\User\Downloads\sts-4.9.0.RELEASE\plugins\org.eclipse.justj.openjdk.hotspot.jre.full.win32.x86_64_15.0.1.v20201027-0507\jre\bin\server

VM Arguments:
jvm_args: -Dmaven.home=EMBEDDED -Dclassworlds.conf=E:\Vijayalakshmi I0025\Lab activities- SRM\week1\Day1\.metadata\.plugins\org.eclipse.m2e.launching\launches\m2conf7791316175557356864.tmp -Dmaven.multiModuleProjectDirectory=E:\Vijayalakshmi I0025\Training_II\Reactjs\React\SocietyFinanceManagement\sfmbackend\sfmbackend -Djansi.force=true -Djansi.passthrough=true -Dfile.encoding=Cp1252 -XX:+ShowCodeDetailsInExceptionMessages 
java_command: org.codehaus.plexus.classworlds.launcher.Launcher -B clean -Dstyle.color=always
java_class_path (initial): C:\Users\User\Downloads\sts-4.9.0.RELEASE\plugins\org.eclipse.m2e.maven.runtime_1.16.0.20200610-1735\jars\plexus-classworlds-2.6.0.jar
Launcher Type: SUN_STANDARD

[Global flags]
     intx CICompilerCount                          = 4                                         {product} {ergonomic}
     uint ConcGCThreads                            = 2                                         {product} {ergonomic}
     uint G1ConcRefinementThreads                  = 8                                         {product} {ergonomic}
   size_t G1HeapRegionSize                         = 2097152                                   {product} {ergonomic}
    uintx GCDrainStackTargetSize                   = 64                                        {product} {ergonomic}
   size_t InitialHeapSize                          = 190840832                                 {product} {ergonomic}
   size_t MarkStackSize                            = 4194304                                   {product} {ergonomic}
   size_t MaxHeapSize                              = 3024093184                                {product} {ergonomic}
   size_t MinHeapDeltaBytes                        = 2097152                                   {product} {ergonomic}
   size_t MinHeapSize                              = 8388608                                   {product} {ergonomic}
    uintx NonNMethodCodeHeapSize                   = 5839372                                {pd product} {ergonomic}
    uintx NonProfiledCodeHeapSize                  = 122909434                              {pd product} {ergonomic}
    uintx ProfiledCodeHeapSize                     = 122909434                              {pd product} {ergonomic}
    uintx ReservedCodeCacheSize                    = 251658240                              {pd product} {ergonomic}
     bool SegmentedCodeCache                       = true                                      {product} {ergonomic}
     bool ShowCodeDetailsInExceptionMessages       = true                                   {manageable} {command line}
   size_t SoftMaxHeapSize                          = 3024093184                             {manageable} {ergonomic}
     bool UseCompressedClassPointers               = true                                 {lp64_product} {ergonomic}
     bool UseCompressedOops                        = true                                 {lp64_product} {ergonomic}
     bool UseG1GC                                  = true                                      {product} {ergonomic}
     bool UseLargePagesIndividualAllocation        = false                                  {pd product} {ergonomic}

Logging:
Log output configuration:
 #0: stdout all=warning uptime,level,tags
 #1: stderr all=off uptime,level,tags

Environment Variables:
JAVA_HOME=C:\Program Files\Java\JDK\jdk1.8.0_111
PATH=C:/Users/User/Downloads/sts-4.9.0.RELEASE//plugins/org.eclipse.justj.openjdk.hotspot.jre.full.win32.x86_64_15.0.1.v20201027-0507/jre/bin/server;C:/Users/User/Downloads/sts-4.9.0.RELEASE//plugins/org.eclipse.justj.openjdk.hotspot.jre.full.win32.x86_64_15.0.1.v20201027-0507/jre/bin;C:\Program Files\Common Files\Oracle\Java\javapath;C:\app\User\product\18.0.0\dbhomeXE\bin;C:\Program Files\AdoptOpenJDK\jdk-11.0.10.9-hotspot\bin;C:\Program Files (x86)\Common Files\Oracle\Java\javapath;C:\WINDOWS\system32;C:\WINDOWS;C:\WINDOWS\System32\Wbem;C:\WINDOWS\System32\WindowsPowerShell\v1.0\;C:\WINDOWS\System32\OpenSSH\;C:\Program Files\nodejs\;C:\Program Files\Git\cmd;C:\Users\User\Downloads\sonar-scanner-cli-4.6.2.2472-windows\sonar-scanner-4.6.2.2472-windows\bin;C:\Program Files\Java\apache-maven-3.8.1-bin(1)\apache-maven-3.8.1\bin;C:\Program Files\MySQL\MySQL Shell 8.0\bin\;C:\Users\User\AppData\Local\Microsoft\WindowsApps;C:\Users\User\AppData\Local\Programs\Microsoft VS Code\bin;C:\Users\User\AppData\Roaming\npm;C:\Program Files\Java\apache-maven-3.8.1-bin\apache-maven-3.8.1\bin;C:\Users\User\AppData\Local\GitHubDesktop\bin;C:\Program Files\Java\apache-maven-3.8.1-bin(1)\apache-maven-3.8.1\bin;;C:\Users\User\Downloads\sts-4.9.0.RELEASE;
USERNAME=User
OS=Windows_NT
PROCESSOR_IDENTIFIER=Intel64 Family 6 Model 142 Stepping 10, GenuineIntel



---------------  S Y S T E M  ---------------

OS:
 Windows 10 , 64 bit Build 19041 (10.0.19041.1023)
OS uptime: 26 days 8:43 hours

CPU: total 8 (initial active 8) (4 cores per cpu, 2 threads per core) family 6 model 142 stepping 10 microcode 0xe0, cmov, cx8, fxsr, mmx, sse, sse2, sse3, ssse3, sse4.1, sse4.2, popcnt, vzeroupper, avx, avx2, aes, clmul, erms, 3dnowpref, lzcnt, ht, tsc, tscinvbit, bmi1, bmi2, adx, fma, clflush, clflushopt

Memory: 4k page, system-wide physical 11534M (2651M free)
TotalPageFile size 25709M (AvailPageFile size 35M)
current process WorkingSet (physical memory assigned to process): 10M, peak: 10M
current process commit charge ("private bytes"): 60M, peak: 241M

vm_info: OpenJDK 64-Bit Server VM (15.0.1+9-18) for windows-amd64 JRE (15.0.1+9-18), built on Sep 15 2020 14:39:31 by "mach5one" with unknown MS VC++:1925

END.
