#
# There is insufficient memory for the Java Runtime Environment to continue.
# Native memory allocation (malloc) failed to allocate 526816 bytes for Chunk::new
# Possible reasons:
#   The system is out of physical RAM or swap space
#   In 32 bit mode, the process size limit was hit
# Possible solutions:
#   Reduce memory load on the system
#   Increase physical memory or swap space
#   Check if swap backing store is full
#   Use 64 bit Java on a 64 bit OS
#   Decrease Java heap size (-Xmx/-Xms)
#   Decrease number of Java threads
#   Decrease Java thread stack sizes (-Xss)
#   Set larger code cache with -XX:ReservedCodeCacheSize=
# This output file may be truncated or incomplete.
#
#  Out of Memory Error (allocation.cpp:390), pid=32308, tid=0x0000000000002bac
#
# JRE version: Java(TM) SE Runtime Environment (8.0_111-b14) (build 1.8.0_111-b14)
# Java VM: Java HotSpot(TM) 64-Bit Server VM (25.111-b14 mixed mode windows-amd64 compressed oops)
# Failed to write core dump. Minidumps are not enabled by default on client versions of Windows
#

---------------  T H R E A D  ---------------

Current thread (0x000000001bbfa800):  JavaThread "C2 CompilerThread0" daemon [_thread_in_native, id=11180, stack(0x000000001c3d0000,0x000000001c4d0000)]

Stack: [0x000000001c3d0000,0x000000001c4d0000]
[error occurred during error reporting (printing stack bounds), id 0xc0000005]

Native frames: (J=compiled Java code, j=interpreted, Vv=VM code, C=native code)


Current CompileTask:
C2:   4842 4528 %     4       com.sun.tools.javac.file.ZipFileIndex$ZipDirectory::readEntry @ 102 (587 bytes)


---------------  P R O C E S S  ---------------

Java Threads: ( => current thread )
  0x000000001bc74000 JavaThread "Service Thread" daemon [_thread_blocked, id=17580, stack(0x000000001c7d0000,0x000000001c8d0000)]
  0x000000001bc33800 JavaThread "C1 CompilerThread3" daemon [_thread_blocked, id=23424, stack(0x000000001c6d0000,0x000000001c7d0000)]
  0x000000001bc08000 JavaThread "C2 CompilerThread2" daemon [_thread_in_native, id=34868, stack(0x000000001c5d0000,0x000000001c6d0000)]
  0x000000001bc00800 JavaThread "C2 CompilerThread1" daemon [_thread_blocked, id=18372, stack(0x000000001c4d0000,0x000000001c5d0000)]
=>0x000000001bbfa800 JavaThread "C2 CompilerThread0" daemon [_thread_in_native, id=11180, stack(0x000000001c3d0000,0x000000001c4d0000)]
  0x000000001bbf8000 JavaThread "Attach Listener" daemon [_thread_blocked, id=17436, stack(0x000000001c2d0000,0x000000001c3d0000)]
  0x000000001bbf7000 JavaThread "Signal Dispatcher" daemon [_thread_blocked, id=8436, stack(0x000000001c1d0000,0x000000001c2d0000)]
  0x0000000002dee800 JavaThread "Finalizer" daemon [_thread_blocked, id=12056, stack(0x000000001bfd0000,0x000000001c0d0000)]
  0x0000000002de7800 JavaThread "Reference Handler" daemon [_thread_blocked, id=25744, stack(0x000000001bad0000,0x000000001bbd0000)]
  0x0000000002bed800 JavaThread "main" [_thread_in_native, id=23296, stack(0x0000000002bf0000,0x0000000002cf0000)]

Other Threads:
  0x0000000019ce9800 VMThread [stack: 0x000000001b9d0000,0x000000001bad0000] [id=32040]
  0x000000001bc76800 WatcherThread [stack: 0x000000001c8d0000,0x000000001c9d0000] [id=28300]

VM state:not at safepoint (normal execution)

VM Mutex/Monitor currently owned by a thread: None

Heap:
 PSYoungGen      total 92160K, used 61249K [0x0000000783f00000, 0x000000078de00000, 0x00000007c0000000)
  eden space 84480K, 63% used [0x0000000783f00000,0x0000000787351808,0x0000000789180000)
  from space 7680K, 99% used [0x000000078a180000,0x000000078a8fec28,0x000000078a900000)
  to   space 16384K, 0% used [0x0000000789180000,0x0000000789180000,0x000000078a180000)
 ParOldGen       total 96768K, used 24241K [0x000000070bc00000, 0x0000000711a80000, 0x0000000783f00000)
  object space 96768K, 25% used [0x000000070bc00000,0x000000070d3ac5d0,0x0000000711a80000)
 Metaspace       used 23640K, capacity 24218K, committed 24448K, reserved 1071104K
  class space    used 2732K, capacity 2911K, committed 2944K, reserved 1048576K

Card table byte_map: [0x00000000121b0000,0x0000000012760000] byte_map_base: 0x000000000e952000

Marking Bits: (ParMarkBitMap*) 0x000000007595a6c0
 Begin Bits: [0x0000000013330000, 0x0000000016040000)
 End Bits:   [0x0000000016040000, 0x0000000018d50000)

Polling page: 0x0000000002a90000

CodeCache: size=245760Kb used=14265Kb max_used=16003Kb free=231494Kb
 bounds [0x0000000002df0000, 0x0000000003db0000, 0x0000000011df0000]
 total_blobs=4540 nmethods=4133 adapters=318
 compilation: enabled

Compilation events (10 events):
Event: 4.819 Thread 0x000000001bc00800 4535       4       java.util.ComparableTimSort::binarySort (223 bytes)
Event: 4.827 Thread 0x000000001bc00800 nmethod 4535 0x0000000002f98490 code [0x0000000002f98600, 0x0000000002f99058]
Event: 4.827 Thread 0x000000001bc00800 4537       4       com.sun.tools.javac.file.ZipFileIndex::access$500 (6 bytes)
Event: 4.828 Thread 0x000000001bc00800 nmethod 4537 0x0000000002f227d0 code [0x0000000002f22900, 0x0000000002f229d8]
Event: 4.828 Thread 0x000000001bc00800 4538       4       com.sun.tools.javac.file.ZipFileIndex::access$400 (6 bytes)
Event: 4.829 Thread 0x000000001bc33800 4547       3       com.sun.tools.javac.file.ZipFileIndex$DirectoryEntry::getFiles (75 bytes)
Event: 4.829 Thread 0x000000001bc00800 nmethod 4538 0x0000000002f5eb90 code [0x0000000002f5ecc0, 0x0000000002f5ed58]
Event: 4.829 Thread 0x000000001bc00800 4531       4       java.util.ComparableTimSort::pushRun (31 bytes)
Event: 4.830 Thread 0x000000001bc33800 nmethod 4547 0x00000000033201d0 code [0x00000000033203c0, 0x0000000003320e28]
Event: 4.830 Thread 0x000000001bc00800 nmethod 4531 0x0000000002efb9d0 code [0x0000000002efbb20, 0x0000000002efbc18]

GC Heap History (10 events):
Event: 2.275 GC heap before
{Heap before GC invocations=3 (full 0):
 PSYoungGen      total 54272K, used 54253K [0x0000000783f00000, 0x0000000787b80000, 0x00000007c0000000)
  eden space 46592K, 100% used [0x0000000783f00000,0x0000000786c80000,0x0000000786c80000)
  from space 7680K, 99% used [0x0000000787400000,0x0000000787b7b770,0x0000000787b80000)
  to   space 7680K, 0% used [0x0000000786c80000,0x0000000786c80000,0x0000000787400000)
 ParOldGen       total 124416K, used 2134K [0x000000070bc00000, 0x0000000713580000, 0x0000000783f00000)
  object space 124416K, 1% used [0x000000070bc00000,0x000000070be15850,0x0000000713580000)
 Metaspace       used 15792K, capacity 15980K, committed 16128K, reserved 1062912K
  class space    used 1876K, capacity 1978K, committed 2048K, reserved 1048576K
Event: 2.286 GC heap after
Heap after GC invocations=3 (full 0):
 PSYoungGen      total 54272K, used 7664K [0x0000000783f00000, 0x000000078a900000, 0x00000007c0000000)
  eden space 46592K, 0% used [0x0000000783f00000,0x0000000783f00000,0x0000000786c80000)
  from space 7680K, 99% used [0x0000000786c80000,0x00000007873fc010,0x0000000787400000)
  to   space 7680K, 0% used [0x000000078a180000,0x000000078a180000,0x000000078a900000)
 ParOldGen       total 124416K, used 5107K [0x000000070bc00000, 0x0000000713580000, 0x0000000783f00000)
  object space 124416K, 4% used [0x000000070bc00000,0x000000070c0fcd50,0x0000000713580000)
 Metaspace       used 15792K, capacity 15980K, committed 16128K, reserved 1062912K
  class space    used 1876K, capacity 1978K, committed 2048K, reserved 1048576K
}
Event: 2.889 GC heap before
{Heap before GC invocations=4 (full 0):
 PSYoungGen      total 54272K, used 54256K [0x0000000783f00000, 0x000000078a900000, 0x00000007c0000000)
  eden space 46592K, 100% used [0x0000000783f00000,0x0000000786c80000,0x0000000786c80000)
  from space 7680K, 99% used [0x0000000786c80000,0x00000007873fc010,0x0000000787400000)
  to   space 7680K, 0% used [0x000000078a180000,0x000000078a180000,0x000000078a900000)
 ParOldGen       total 124416K, used 5107K [0x000000070bc00000, 0x0000000713580000, 0x0000000783f00000)
  object space 124416K, 4% used [0x000000070bc00000,0x000000070c0fcd50,0x0000000713580000)
 Metaspace       used 16778K, capacity 17142K, committed 17280K, reserved 1064960K
  class space    used 1962K, capacity 2085K, committed 2176K, reserved 1048576K
Event: 2.899 GC heap after
Heap after GC invocations=4 (full 0):
 PSYoungGen      total 100864K, used 7648K [0x0000000783f00000, 0x000000078a900000, 0x00000007c0000000)
  eden space 93184K, 0% used [0x0000000783f00000,0x0000000783f00000,0x0000000789a00000)
  from space 7680K, 99% used [0x000000078a180000,0x000000078a8f8020,0x000000078a900000)
  to   space 7680K, 0% used [0x0000000789a00000,0x0000000789a00000,0x000000078a180000)
 ParOldGen       total 124416K, used 7922K [0x000000070bc00000, 0x0000000713580000, 0x0000000783f00000)
  object space 124416K, 6% used [0x000000070bc00000,0x000000070c3bcba0,0x0000000713580000)
 Metaspace       used 16778K, capacity 17142K, committed 17280K, reserved 1064960K
  class space    used 1962K, capacity 2085K, committed 2176K, reserved 1048576K
}
Event: 3.590 GC heap before
{Heap before GC invocations=5 (full 0):
 PSYoungGen      total 100864K, used 65852K [0x0000000783f00000, 0x000000078a900000, 0x00000007c0000000)
  eden space 93184K, 62% used [0x0000000783f00000,0x00000007877d7320,0x0000000789a00000)
  from space 7680K, 99% used [0x000000078a180000,0x000000078a8f8020,0x000000078a900000)
  to   space 7680K, 0% used [0x0000000789a00000,0x0000000789a00000,0x000000078a180000)
 ParOldGen       total 124416K, used 7922K [0x000000070bc00000, 0x0000000713580000, 0x0000000783f00000)
  object space 124416K, 6% used [0x000000070bc00000,0x000000070c3bcba0,0x0000000713580000)
 Metaspace       used 20648K, capacity 21172K, committed 21296K, reserved 1069056K
  class space    used 2435K, capacity 2622K, committed 2688K, reserved 1048576K
Event: 3.602 GC heap after
Heap after GC invocations=5 (full 0):
 PSYoungGen      total 100864K, used 7663K [0x0000000783f00000, 0x000000078a900000, 0x00000007c0000000)
  eden space 93184K, 0% used [0x0000000783f00000,0x0000000783f00000,0x0000000789a00000)
  from space 7680K, 99% used [0x0000000789a00000,0x000000078a17bf68,0x000000078a180000)
  to   space 7680K, 0% used [0x000000078a180000,0x000000078a180000,0x000000078a900000)
 ParOldGen       total 124416K, used 12140K [0x000000070bc00000, 0x0000000713580000, 0x0000000783f00000)
  object space 124416K, 9% used [0x000000070bc00000,0x000000070c7db358,0x0000000713580000)
 Metaspace       used 20648K, capacity 21172K, committed 21296K, reserved 1069056K
  class space    used 2435K, capacity 2622K, committed 2688K, reserved 1048576K
}
Event: 3.602 GC heap before
{Heap before GC invocations=6 (full 1):
 PSYoungGen      total 100864K, used 7663K [0x0000000783f00000, 0x000000078a900000, 0x00000007c0000000)
  eden space 93184K, 0% used [0x0000000783f00000,0x0000000783f00000,0x0000000789a00000)
  from space 7680K, 99% used [0x0000000789a00000,0x000000078a17bf68,0x000000078a180000)
  to   space 7680K, 0% used [0x000000078a180000,0x000000078a180000,0x000000078a900000)
 ParOldGen       total 124416K, used 12140K [0x000000070bc00000, 0x0000000713580000, 0x0000000783f00000)
  object space 124416K, 9% used [0x000000070bc00000,0x000000070c7db358,0x0000000713580000)
 Metaspace       used 20648K, capacity 21172K, committed 21296K, reserved 1069056K
  class space    used 2435K, capacity 2622K, committed 2688K, reserved 1048576K
Event: 3.673 GC heap after
Heap after GC invocations=6 (full 1):
 PSYoungGen      total 100864K, used 0K [0x0000000783f00000, 0x000000078a900000, 0x00000007c0000000)
  eden space 93184K, 0% used [0x0000000783f00000,0x0000000783f00000,0x0000000789a00000)
  from space 7680K, 0% used [0x0000000789a00000,0x0000000789a00000,0x000000078a180000)
  to   space 7680K, 0% used [0x000000078a180000,0x000000078a180000,0x000000078a900000)
 ParOldGen       total 96768K, used 16131K [0x000000070bc00000, 0x0000000711a80000, 0x0000000783f00000)
  object space 96768K, 16% used [0x000000070bc00000,0x000000070cbc0e78,0x0000000711a80000)
 Metaspace       used 20648K, capacity 21172K, committed 21296K, reserved 1069056K
  class space    used 2435K, capacity 2622K, committed 2688K, reserved 1048576K
}
Event: 4.621 GC heap before
{Heap before GC invocations=7 (full 1):
 PSYoungGen      total 100864K, used 93184K [0x0000000783f00000, 0x000000078a900000, 0x00000007c0000000)
  eden space 93184K, 100% used [0x0000000783f00000,0x0000000789a00000,0x0000000789a00000)
  from space 7680K, 0% used [0x0000000789a00000,0x0000000789a00000,0x000000078a180000)
  to   space 7680K, 0% used [0x000000078a180000,0x000000078a180000,0x000000078a900000)
 ParOldGen       total 96768K, used 16131K [0x000000070bc00000, 0x0000000711a80000, 0x0000000783f00000)
  object space 96768K, 16% used [0x000000070bc00000,0x000000070cbc0e78,0x0000000711a80000)
 Metaspace       used 23608K, capacity 24218K, committed 24448K, reserved 1071104K
  class space    used 2732K, capacity 2911K, committed 2944K, reserved 1048576K
Event: 4.633 GC heap after
Heap after GC invocations=7 (full 1):
 PSYoungGen      total 92160K, used 7675K [0x0000000783f00000, 0x000000078de00000, 0x00000007c0000000)
  eden space 84480K, 0% used [0x0000000783f00000,0x0000000783f00000,0x0000000789180000)
  from space 7680K, 99% used [0x000000078a180000,0x000000078a8fec28,0x000000078a900000)
  to   space 16384K, 0% used [0x0000000789180000,0x0000000789180000,0x000000078a180000)
 ParOldGen       total 96768K, used 24241K [0x000000070bc00000, 0x0000000711a80000, 0x0000000783f00000)
  object space 96768K, 25% used [0x000000070bc00000,0x000000070d3ac5d0,0x0000000711a80000)
 Metaspace       used 23608K, capacity 24218K, committed 24448K, reserved 1071104K
  class space    used 2732K, capacity 2911K, committed 2944K, reserved 1048576K
}

Deoptimization events (10 events):
Event: 4.761 Thread 0x0000000002bed800 Uncommon trap: reason=unstable_if action=reinterpret pc=0x0000000002ff07f0 method=java.util.HashMap.putVal(ILjava/lang/Object;Ljava/lang/Object;ZZ)Ljava/lang/Object; @ 193
Event: 4.779 Thread 0x0000000002bed800 Uncommon trap: reason=unstable_if action=reinterpret pc=0x0000000003c6da6c method=com.sun.tools.javac.file.JavacFileManager.listContainer(Ljava/io/File;Lcom/sun/tools/javac/file/RelativePath$RelativeDirectory;Ljava/util/Set;ZLcom/sun/tools/javac/util/List
Event: 4.780 Thread 0x0000000002bed800 Uncommon trap: reason=unstable_if action=reinterpret pc=0x0000000003b97bdc method=com.sun.tools.javac.file.ZipFileIndex.isUpToDate()Z @ 32
Event: 4.787 Thread 0x0000000002bed800 Uncommon trap: reason=array_check action=maybe_recompile pc=0x0000000003aeb090 method=java.util.ComparableTimSort.binarySort([Ljava/lang/Object;III)V @ 183
Event: 4.787 Thread 0x0000000002bed800 Uncommon trap: reason=array_check action=maybe_recompile pc=0x0000000003af9540 method=java.util.ComparableTimSort.reverseRange([Ljava/lang/Object;II)V @ 20
Event: 4.787 Thread 0x0000000002bed800 Uncommon trap: reason=array_check action=maybe_recompile pc=0x0000000003aeafc8 method=java.util.ComparableTimSort.binarySort([Ljava/lang/Object;III)V @ 193
Event: 4.787 Thread 0x0000000002bed800 Uncommon trap: reason=array_check action=maybe_recompile pc=0x0000000003af9540 method=java.util.ComparableTimSort.reverseRange([Ljava/lang/Object;II)V @ 20
Event: 4.787 Thread 0x0000000002bed800 Uncommon trap: reason=array_check action=maybe_recompile pc=0x0000000003aeb090 method=java.util.ComparableTimSort.binarySort([Ljava/lang/Object;III)V @ 183
Event: 4.788 Thread 0x0000000002bed800 Uncommon trap: reason=array_check action=maybe_recompile pc=0x0000000003af9540 method=java.util.ComparableTimSort.reverseRange([Ljava/lang/Object;II)V @ 20
Event: 4.788 Thread 0x0000000002bed800 Uncommon trap: reason=array_check action=maybe_recompile pc=0x0000000003af9540 method=java.util.ComparableTimSort.reverseRange([Ljava/lang/Object;II)V @ 20

Internal exceptions (10 events):
Event: 1.679 Thread 0x0000000002bed800 Implicit null exception at 0x0000000003391343 to 0x000000000339158d
Event: 1.895 Thread 0x0000000002bed800 Implicit null exception at 0x00000000034bd203 to 0x00000000034bd44d
Event: 2.584 Thread 0x0000000002bed800 Implicit null exception at 0x00000000031d5755 to 0x00000000031d5959
Event: 2.786 Thread 0x0000000002bed800 Implicit null exception at 0x00000000037af5ce to 0x00000000037afa21
Event: 3.258 Thread 0x0000000002bed800 Implicit null exception at 0x00000000039c2cbe to 0x00000000039c4c01
Event: 3.454 Thread 0x0000000002bed800 Exception <a 'java/lang/ClassNotFoundException': com/sun/tools/javac/api/JavacTool> (0x0000000786e3d938) thrown at [C:\re\workspace\8-2-build-windows-amd64-cygwin\jdk8u111\7883\hotspot\src\share\vm\classfile\systemDictionary.cpp, line 210]
Event: 3.971 Thread 0x0000000002bed800 Exception <a 'java/io/FileNotFoundException'> (0x0000000787223508) thrown at [C:\re\workspace\8-2-build-windows-amd64-cygwin\jdk8u111\7883\hotspot\src\share\vm\prims\jni.cpp, line 709]
Event: 3.974 Thread 0x0000000002bed800 Exception <a 'java/io/FileNotFoundException'> (0x0000000787257ae8) thrown at [C:\re\workspace\8-2-build-windows-amd64-cygwin\jdk8u111\7883\hotspot\src\share\vm\prims\jni.cpp, line 709]
Event: 4.780 Thread 0x0000000002bed800 Exception <a 'java/io/FileNotFoundException'> (0x0000000786e80178) thrown at [C:\re\workspace\8-2-build-windows-amd64-cygwin\jdk8u111\7883\hotspot\src\share\vm\prims\jni.cpp, line 709]
Event: 4.780 Thread 0x0000000002bed800 Exception <a 'java/io/FileNotFoundException'> (0x0000000786e81d88) thrown at [C:\re\workspace\8-2-build-windows-amd64-cygwin\jdk8u111\7883\hotspot\src\share\vm\prims\jni.cpp, line 709]

Events (10 events):
Event: 4.807 Thread 0x0000000002bed800 DEOPT PACKING pc=0x0000000003ac66da sp=0x0000000002cecdc0
Event: 4.807 Thread 0x0000000002bed800 DEOPT UNPACKING pc=0x0000000002e3787f sp=0x0000000002cecbc8 mode 0
Event: 4.807 Thread 0x0000000002bed800 DEOPT PACKING pc=0x0000000003ac66da sp=0x0000000002cecdc0
Event: 4.807 Thread 0x0000000002bed800 DEOPT UNPACKING pc=0x0000000002e3787f sp=0x0000000002cecbc8 mode 0
Event: 4.807 Thread 0x0000000002bed800 DEOPT PACKING pc=0x0000000003ac66da sp=0x0000000002cecdc0
Event: 4.807 Thread 0x0000000002bed800 DEOPT UNPACKING pc=0x0000000002e3787f sp=0x0000000002cecbc8 mode 0
Event: 4.811 Thread 0x0000000002bed800 DEOPT PACKING pc=0x0000000003ac66da sp=0x0000000002cecdc0
Event: 4.811 Thread 0x0000000002bed800 DEOPT UNPACKING pc=0x0000000002e3787f sp=0x0000000002cecbc8 mode 0
Event: 4.811 Thread 0x0000000002bed800 DEOPT PACKING pc=0x0000000003ac66da sp=0x0000000002cecdc0
Event: 4.811 Thread 0x0000000002bed800 DEOPT UNPACKING pc=0x0000000002e3787f sp=0x0000000002cecbc8 mode 0


Dynamic libraries:
0x00007ff714930000 - 0x00007ff714967000 	C:\Program Files\Java\JDK\jdk1.8.0_111\bin\javaw.exe
0x00007fff284b0000 - 0x00007fff286a5000 	C:\WINDOWS\SYSTEM32\ntdll.dll
0x00007fff26dd0000 - 0x00007fff26e8d000 	C:\WINDOWS\System32\KERNEL32.DLL
0x00007fff25ef0000 - 0x00007fff261b9000 	C:\WINDOWS\System32\KERNELBASE.dll
0x00007fff27e40000 - 0x00007fff27eec000 	C:\WINDOWS\System32\ADVAPI32.dll
0x00007fff27bf0000 - 0x00007fff27c8e000 	C:\WINDOWS\System32\msvcrt.dll
0x00007fff26520000 - 0x00007fff265bb000 	C:\WINDOWS\System32\sechost.dll
0x00007fff26ea0000 - 0x00007fff26fca000 	C:\WINDOWS\System32\RPCRT4.dll
0x00007fff280f0000 - 0x00007fff28290000 	C:\WINDOWS\System32\USER32.dll
0x00007fff25ca0000 - 0x00007fff25cc2000 	C:\WINDOWS\System32\win32u.dll
0x00007fff26fd0000 - 0x00007fff26ffa000 	C:\WINDOWS\System32\GDI32.dll
0x00007fff263b0000 - 0x00007fff264bb000 	C:\WINDOWS\System32\gdi32full.dll
0x00007fff261c0000 - 0x00007fff2625d000 	C:\WINDOWS\System32\msvcp_win.dll
0x00007fff262b0000 - 0x00007fff263b0000 	C:\WINDOWS\System32\ucrtbase.dll
0x00007fff1e0a0000 - 0x00007fff1e33a000 	C:\WINDOWS\WinSxS\amd64_microsoft.windows.common-controls_6595b64144ccf1df_6.0.19041.1110_none_60b5254171f9507e\COMCTL32.dll
0x00007fff27b40000 - 0x00007fff27b70000 	C:\WINDOWS\System32\IMM32.DLL
0x00000000759e0000 - 0x0000000075ab2000 	C:\Program Files\Java\JDK\jdk1.8.0_111\jre\bin\msvcr100.dll
0x0000000075140000 - 0x00000000759da000 	C:\Program Files\Java\JDK\jdk1.8.0_111\jre\bin\server\jvm.dll
0x00007fff280e0000 - 0x00007fff280e8000 	C:\WINDOWS\System32\PSAPI.DLL
0x00007fff1db30000 - 0x00007fff1db3a000 	C:\WINDOWS\SYSTEM32\VERSION.dll
0x00007fff12b40000 - 0x00007fff12b67000 	C:\WINDOWS\SYSTEM32\WINMM.dll
0x00007fff13a80000 - 0x00007fff13a89000 	C:\WINDOWS\SYSTEM32\WSOCK32.dll
0x00007fff28290000 - 0x00007fff282fb000 	C:\WINDOWS\System32\WS2_32.dll
0x0000000075130000 - 0x000000007513f000 	C:\Program Files\Java\JDK\jdk1.8.0_111\jre\bin\verify.dll
0x0000000075100000 - 0x0000000075129000 	C:\Program Files\Java\JDK\jdk1.8.0_111\jre\bin\java.dll
0x00000000750e0000 - 0x00000000750f6000 	C:\Program Files\Java\JDK\jdk1.8.0_111\jre\bin\zip.dll
0x00007fff26670000 - 0x00007fff26daf000 	C:\WINDOWS\System32\SHELL32.dll
0x00007fff23a10000 - 0x00007fff241a1000 	C:\WINDOWS\SYSTEM32\windows.storage.dll
0x00007fff277e0000 - 0x00007fff27b35000 	C:\WINDOWS\System32\combase.dll
0x00007fff25590000 - 0x00007fff255bc000 	C:\WINDOWS\SYSTEM32\Wldp.dll
0x00007fff265c0000 - 0x00007fff2666e000 	C:\WINDOWS\System32\SHCORE.dll
0x00007fff28360000 - 0x00007fff283b5000 	C:\WINDOWS\System32\shlwapi.dll
0x00007fff25b30000 - 0x00007fff25b4f000 	C:\WINDOWS\SYSTEM32\profapi.dll
0x00007fff254d0000 - 0x00007fff254e8000 	C:\WINDOWS\SYSTEM32\CRYPTSP.dll
0x00007fff24c90000 - 0x00007fff24cc4000 	C:\WINDOWS\system32\rsaenh.dll
0x00007fff25d60000 - 0x00007fff25d87000 	C:\WINDOWS\System32\bcrypt.dll
0x00007fff25af0000 - 0x00007fff25b1e000 	C:\WINDOWS\SYSTEM32\USERENV.dll
0x00007fff25cd0000 - 0x00007fff25d53000 	C:\WINDOWS\System32\bcryptprimitives.dll
0x00007fff254f0000 - 0x00007fff254fc000 	C:\WINDOWS\SYSTEM32\CRYPTBASE.dll
0x00000000750c0000 - 0x00000000750da000 	C:\Program Files\Java\JDK\jdk1.8.0_111\jre\bin\net.dll
0x00007fff252f0000 - 0x00007fff2535a000 	C:\WINDOWS\system32\mswsock.dll
0x00007fff24fe0000 - 0x00007fff2501b000 	C:\WINDOWS\SYSTEM32\IPHLPAPI.DLL
0x00007fff26e90000 - 0x00007fff26e98000 	C:\WINDOWS\System32\NSI.dll
0x00007fff1df30000 - 0x00007fff1df47000 	C:\WINDOWS\SYSTEM32\dhcpcsvc6.DLL
0x00007fff1ec60000 - 0x00007fff1ec7d000 	C:\WINDOWS\SYSTEM32\dhcpcsvc.DLL
0x00007fff25020000 - 0x00007fff250ec000 	C:\WINDOWS\SYSTEM32\DNSAPI.dll
0x00000000750a0000 - 0x00000000750b1000 	C:\Program Files\Java\JDK\jdk1.8.0_111\jre\bin\nio.dll
0x00007fff19c00000 - 0x00007fff19c0a000 	C:\Users\User\AppData\Local\Temp\jansi-1.17.1-3242560835324892898.dll

VM Arguments:
jvm_args: -Dmaven.home=EMBEDDED -Dclassworlds.conf=E:\Vijayalakshmi I0025\Lab activities- SRM\week1\Day1\.metadata\.plugins\org.eclipse.m2e.launching\launches\m2conf1437430802734830803.tmp -Dmaven.multiModuleProjectDirectory=E:\Vijayalakshmi I0025\Training_II\Reactjs\React\SocietyFinanceManagement\sfmbackend\sfmbackend -Djansi.force=true -Djansi.passthrough=true -Dfile.encoding=Cp1252 
java_command: org.codehaus.plexus.classworlds.launcher.Launcher -B clean install -Dstyle.color=always
java_class_path (initial): C:\Users\User\Downloads\sts-4.9.0.RELEASE\plugins\org.eclipse.m2e.maven.runtime_1.16.0.20200610-1735\jars\plexus-classworlds-2.6.0.jar
Launcher Type: SUN_STANDARD

Environment Variables:
JAVA_HOME=C:\Java\jdk-11.0.12
PATH=C:/Users/User/Downloads/sts-4.9.0.RELEASE//plugins/org.eclipse.justj.openjdk.hotspot.jre.full.win32.x86_64_15.0.1.v20201027-0507/jre/bin/server;C:/Users/User/Downloads/sts-4.9.0.RELEASE//plugins/org.eclipse.justj.openjdk.hotspot.jre.full.win32.x86_64_15.0.1.v20201027-0507/jre/bin;C:\Program Files\Common Files\Oracle\Java\javapath;C:\app\User\product\18.0.0\dbhomeXE\bin;C:\Program Files\AdoptOpenJDK\jdk-11.0.10.9-hotspot\bin;C:\Program Files (x86)\Common Files\Oracle\Java\javapath;C:\WINDOWS\system32;C:\WINDOWS;C:\WINDOWS\System32\Wbem;C:\WINDOWS\System32\WindowsPowerShell\v1.0\;C:\WINDOWS\System32\OpenSSH\;C:\Program Files\nodejs\;C:\Program Files\Git\cmd;C:\Users\User\Downloads\sonar-scanner-cli-4.6.2.2472-windows\sonar-scanner-4.6.2.2472-windows\bin;C:\Program Files\Java\apache-maven-3.8.1-bin(1)\apache-maven-3.8.1\bin;C:\Program Files\MySQL\MySQL Shell 8.0\bin\;C:\Users\User\AppData\Local\Microsoft\WindowsApps;C:\Users\User\AppData\Local\Programs\Microsoft VS Code\bin;C:\Users\User\AppData\Roaming\npm;C:\Users\User\AppData\Local\GitHubDesktop\bin;C:\Program Files\Java\apache-maven-3.8.1-bin(1)\apache-maven-3.8.1\bin;;C:\Users\User\Downloads\sts-4.9.0.RELEASE;
USERNAME=User
OS=Windows_NT
PROCESSOR_IDENTIFIER=Intel64 Family 6 Model 142 Stepping 10, GenuineIntel



---------------  S Y S T E M  ---------------

OS: Windows 10.0 , 64 bit Build 19041 (10.0.19041.1023)

CPU:total 8 (4 cores per cpu, 2 threads per core) family 6 model 142 stepping 10, cmov, cx8, fxsr, mmx, sse, sse2, sse3, ssse3, sse4.1, sse4.2, popcnt, avx, avx2, aes, clmul, erms, 3dnowpref, lzcnt, ht, tsc, tscinvbit, bmi1, bmi2, adx

Memory: 4k page, physical 11810844k(3503592k free), swap 26326964k(5408k free)

vm_info: Java HotSpot(TM) 64-Bit Server VM (25.111-b14) for windows-amd64 JRE (1.8.0_111-b14), built on Sep 22 2016 19:24:05 by "java_re" with MS VC++ 10.0 (VS2010)

time: Thu Aug 12 17:50:46 2021
elapsed time: 4 seconds (0d 0h 0m 4s)

