#
# There is insufficient memory for the Java Runtime Environment to continue.
# Native memory allocation (malloc) failed to allocate 65552 bytes for Chunk::new
# Possible reasons:
#   The system is out of physical RAM or swap space
#   In 32 bit mode, the process size limit was hit
# Possible solutions:
#   Reduce memory load on the system
#   Increase physical memory or swap space
#   Check if swap backing store is full
#   Use 64 bit Java on a 64 bit OS
#   Decrease Java heap size (-Xmx/-Xms)
#   Decrease number of Java threads
#   Decrease Java thread stack sizes (-Xss)
#   Set larger code cache with -XX:ReservedCodeCacheSize=
# This output file may be truncated or incomplete.
#
#  Out of Memory Error (allocation.cpp:390), pid=34780, tid=0x0000000000007fc4
#
# JRE version: Java(TM) SE Runtime Environment (8.0_111-b14) (build 1.8.0_111-b14)
# Java VM: Java HotSpot(TM) 64-Bit Server VM (25.111-b14 mixed mode windows-amd64 compressed oops)
# Failed to write core dump. Minidumps are not enabled by default on client versions of Windows
#

---------------  T H R E A D  ---------------

Current thread (0x000000001bf4b000):  JavaThread "C2 CompilerThread0" daemon [_thread_in_native, id=32708, stack(0x000000001c730000,0x000000001c830000)]

Stack: [0x000000001c730000,0x000000001c830000]
[error occurred during error reporting (printing stack bounds), id 0xc0000005]

Native frames: (J=compiled Java code, j=interpreted, Vv=VM code, C=native code)


Current CompileTask:
C2:   9833 5062   !   4       org.apache.maven.model.Model::clone (502 bytes)


---------------  P R O C E S S  ---------------

Java Threads: ( => current thread )
  0x000000001bfe4800 JavaThread "Service Thread" daemon [_thread_blocked, id=18212, stack(0x000000001cb30000,0x000000001cc30000)]
  0x000000001bf66000 JavaThread "C1 CompilerThread3" daemon [_thread_blocked, id=6924, stack(0x000000001ca30000,0x000000001cb30000)]
  0x000000001bf59000 JavaThread "C2 CompilerThread2" daemon [_thread_in_native, id=35812, stack(0x000000001c930000,0x000000001ca30000)]
  0x000000001bf50800 JavaThread "C2 CompilerThread1" daemon [_thread_in_native, id=17852, stack(0x000000001c830000,0x000000001c930000)]
=>0x000000001bf4b000 JavaThread "C2 CompilerThread0" daemon [_thread_in_native, id=32708, stack(0x000000001c730000,0x000000001c830000)]
  0x000000001bf48800 JavaThread "Attach Listener" daemon [_thread_blocked, id=26644, stack(0x000000001c630000,0x000000001c730000)]
  0x000000001bf47800 JavaThread "Signal Dispatcher" daemon [_thread_blocked, id=3356, stack(0x000000001c530000,0x000000001c630000)]
  0x000000001bf41800 JavaThread "Finalizer" daemon [_thread_blocked, id=35668, stack(0x000000001c320000,0x000000001c420000)]
  0x000000001a04d800 JavaThread "Reference Handler" daemon [_thread_blocked, id=8352, stack(0x000000001be20000,0x000000001bf20000)]
  0x0000000002ead800 JavaThread "main" [_thread_in_native, id=26596, stack(0x0000000002ef0000,0x0000000002ff0000)]

Other Threads:
  0x000000001a048800 VMThread [stack: 0x000000001bd20000,0x000000001be20000] [id=6108]
  0x000000001bfae000 WatcherThread [stack: 0x000000001cc30000,0x000000001cd30000] [id=6412]

VM state:not at safepoint (normal execution)

VM Mutex/Monitor currently owned by a thread: None

Heap:
 PSYoungGen      total 146432K, used 38501K [0x0000000783f00000, 0x0000000791000000, 0x00000007c0000000)
  eden space 130048K, 17% used [0x0000000783f00000,0x00000007854a1288,0x000000078be00000)
  from space 16384K, 99% used [0x000000078f000000,0x000000078fff8180,0x0000000790000000)
  to   space 13824K, 0% used [0x0000000790280000,0x0000000790280000,0x0000000791000000)
 ParOldGen       total 96256K, used 24017K [0x000000070bc00000, 0x0000000711a00000, 0x0000000783f00000)
  object space 96256K, 24% used [0x000000070bc00000,0x000000070d374470,0x0000000711a00000)
 Metaspace       used 26065K, capacity 26740K, committed 26880K, reserved 1073152K
  class space    used 3017K, capacity 3253K, committed 3328K, reserved 1048576K

Card table byte_map: [0x00000000124d0000,0x0000000012a80000] byte_map_base: 0x000000000ec72000

Marking Bits: (ParMarkBitMap*) 0x000000007595a6c0
 Begin Bits: [0x0000000013650000, 0x0000000016360000)
 End Bits:   [0x0000000016360000, 0x0000000019070000)

Polling page: 0x0000000002e80000

CodeCache: size=245760Kb used=15748Kb max_used=15748Kb free=230012Kb
 bounds [0x0000000003110000, 0x0000000004090000, 0x0000000012110000]
 total_blobs=4898 nmethods=4482 adapters=328
 compilation: enabled

Compilation events (10 events):
Event: 9.725 Thread 0x000000001bf66000 5085       3       org.apache.maven.model.Activation::<init> (10 bytes)
Event: 9.726 Thread 0x000000001bf66000 nmethod 5085 0x0000000004072c50 code [0x0000000004072da0, 0x0000000004072f50]
Event: 9.736 Thread 0x000000001bf66000 5086       3       org.eclipse.aether.util.graph.selector.OptionalDependencySelector::hashCode (20 bytes)
Event: 9.737 Thread 0x000000001bf66000 nmethod 5086 0x000000000406ee90 code [0x000000000406f000, 0x000000000406f2c8]
Event: 9.737 Thread 0x000000001bf66000 5087       3       org.eclipse.aether.util.graph.selector.ExclusionDependencySelector::hashCode (38 bytes)
Event: 9.737 Thread 0x000000001bf66000 nmethod 5087 0x000000000407e690 code [0x000000000407e800, 0x000000000407eb58]
Event: 9.752 Thread 0x000000001bf66000 5088       3       java.util.regex.Pattern$GroupHead::<init> (10 bytes)
Event: 9.753 Thread 0x000000001bf66000 nmethod 5088 0x000000000407ec50 code [0x000000000407edc0, 0x000000000407f010]
Event: 9.753 Thread 0x000000001bf66000 5089       3       java.util.regex.Pattern$GroupTail::<init> (17 bytes)
Event: 9.753 Thread 0x000000001bf66000 nmethod 5089 0x000000000407f0d0 code [0x000000000407f240, 0x000000000407f490]

GC Heap History (10 events):
Event: 3.638 GC heap before
{Heap before GC invocations=4 (full 0):
 PSYoungGen      total 54272K, used 54256K [0x0000000783f00000, 0x000000078a900000, 0x00000007c0000000)
  eden space 46592K, 100% used [0x0000000783f00000,0x0000000786c80000,0x0000000786c80000)
  from space 7680K, 99% used [0x0000000786c80000,0x00000007873fc050,0x0000000787400000)
  to   space 7680K, 0% used [0x000000078a180000,0x000000078a180000,0x000000078a900000)
 ParOldGen       total 124416K, used 5065K [0x000000070bc00000, 0x0000000713580000, 0x0000000783f00000)
  object space 124416K, 4% used [0x000000070bc00000,0x000000070c0f2448,0x0000000713580000)
 Metaspace       used 16742K, capacity 17142K, committed 17280K, reserved 1064960K
  class space    used 1962K, capacity 2085K, committed 2176K, reserved 1048576K
Event: 3.655 GC heap after
Heap after GC invocations=4 (full 0):
 PSYoungGen      total 100864K, used 7664K [0x0000000783f00000, 0x000000078a900000, 0x00000007c0000000)
  eden space 93184K, 0% used [0x0000000783f00000,0x0000000783f00000,0x0000000789a00000)
  from space 7680K, 99% used [0x000000078a180000,0x000000078a8fc030,0x000000078a900000)
  to   space 7680K, 0% used [0x0000000789a00000,0x0000000789a00000,0x000000078a180000)
 ParOldGen       total 124416K, used 8142K [0x000000070bc00000, 0x0000000713580000, 0x0000000783f00000)
  object space 124416K, 6% used [0x000000070bc00000,0x000000070c3f3848,0x0000000713580000)
 Metaspace       used 16742K, capacity 17142K, committed 17280K, reserved 1064960K
  class space    used 1962K, capacity 2085K, committed 2176K, reserved 1048576K
}
Event: 4.730 GC heap before
{Heap before GC invocations=5 (full 0):
 PSYoungGen      total 100864K, used 63412K [0x0000000783f00000, 0x000000078a900000, 0x00000007c0000000)
  eden space 93184K, 59% used [0x0000000783f00000,0x00000007875711c0,0x0000000789a00000)
  from space 7680K, 99% used [0x000000078a180000,0x000000078a8fc030,0x000000078a900000)
  to   space 7680K, 0% used [0x0000000789a00000,0x0000000789a00000,0x000000078a180000)
 ParOldGen       total 124416K, used 8142K [0x000000070bc00000, 0x0000000713580000, 0x0000000783f00000)
  object space 124416K, 6% used [0x000000070bc00000,0x000000070c3f3848,0x0000000713580000)
 Metaspace       used 20671K, capacity 21172K, committed 21296K, reserved 1069056K
  class space    used 2434K, capacity 2622K, committed 2688K, reserved 1048576K
Event: 4.742 GC heap after
Heap after GC invocations=5 (full 0):
 PSYoungGen      total 100864K, used 7679K [0x0000000783f00000, 0x0000000791000000, 0x00000007c0000000)
  eden space 93184K, 0% used [0x0000000783f00000,0x0000000783f00000,0x0000000789a00000)
  from space 7680K, 99% used [0x0000000789a00000,0x000000078a17ff58,0x000000078a180000)
  to   space 13824K, 0% used [0x0000000790280000,0x0000000790280000,0x0000000791000000)
 ParOldGen       total 124416K, used 12390K [0x000000070bc00000, 0x0000000713580000, 0x0000000783f00000)
  object space 124416K, 9% used [0x000000070bc00000,0x000000070c819958,0x0000000713580000)
 Metaspace       used 20671K, capacity 21172K, committed 21296K, reserved 1069056K
  class space    used 2434K, capacity 2622K, committed 2688K, reserved 1048576K
}
Event: 4.742 GC heap before
{Heap before GC invocations=6 (full 1):
 PSYoungGen      total 100864K, used 7679K [0x0000000783f00000, 0x0000000791000000, 0x00000007c0000000)
  eden space 93184K, 0% used [0x0000000783f00000,0x0000000783f00000,0x0000000789a00000)
  from space 7680K, 99% used [0x0000000789a00000,0x000000078a17ff58,0x000000078a180000)
  to   space 13824K, 0% used [0x0000000790280000,0x0000000790280000,0x0000000791000000)
 ParOldGen       total 124416K, used 12390K [0x000000070bc00000, 0x0000000713580000, 0x0000000783f00000)
  object space 124416K, 9% used [0x000000070bc00000,0x000000070c819958,0x0000000713580000)
 Metaspace       used 20671K, capacity 21172K, committed 21296K, reserved 1069056K
  class space    used 2434K, capacity 2622K, committed 2688K, reserved 1048576K
Event: 4.831 GC heap after
Heap after GC invocations=6 (full 1):
 PSYoungGen      total 100864K, used 0K [0x0000000783f00000, 0x0000000791000000, 0x00000007c0000000)
  eden space 93184K, 0% used [0x0000000783f00000,0x0000000783f00000,0x0000000789a00000)
  from space 7680K, 0% used [0x0000000789a00000,0x0000000789a00000,0x000000078a180000)
  to   space 13824K, 0% used [0x0000000790280000,0x0000000790280000,0x0000000791000000)
 ParOldGen       total 96256K, used 16128K [0x000000070bc00000, 0x0000000711a00000, 0x0000000783f00000)
  object space 96256K, 16% used [0x000000070bc00000,0x000000070cbc0280,0x0000000711a00000)
 Metaspace       used 20671K, capacity 21172K, committed 21296K, reserved 1069056K
  class space    used 2434K, capacity 2622K, committed 2688K, reserved 1048576K
}
Event: 6.819 GC heap before
{Heap before GC invocations=7 (full 1):
 PSYoungGen      total 100864K, used 93184K [0x0000000783f00000, 0x0000000791000000, 0x00000007c0000000)
  eden space 93184K, 100% used [0x0000000783f00000,0x0000000789a00000,0x0000000789a00000)
  from space 7680K, 0% used [0x0000000789a00000,0x0000000789a00000,0x000000078a180000)
  to   space 13824K, 0% used [0x0000000790280000,0x0000000790280000,0x0000000791000000)
 ParOldGen       total 96256K, used 16128K [0x000000070bc00000, 0x0000000711a00000, 0x0000000783f00000)
  object space 96256K, 16% used [0x000000070bc00000,0x000000070cbc0280,0x0000000711a00000)
 Metaspace       used 23701K, capacity 24218K, committed 24448K, reserved 1071104K
  class space    used 2729K, capacity 2911K, committed 2944K, reserved 1048576K
Event: 6.839 GC heap after
Heap after GC invocations=7 (full 1):
 PSYoungGen      total 143872K, used 13807K [0x0000000783f00000, 0x0000000791000000, 0x00000007c0000000)
  eden space 130048K, 0% used [0x0000000783f00000,0x0000000783f00000,0x000000078be00000)
  from space 13824K, 99% used [0x0000000790280000,0x0000000790ffbd00,0x0000000791000000)
  to   space 16384K, 0% used [0x000000078f000000,0x000000078f000000,0x0000000790000000)
 ParOldGen       total 96256K, used 18082K [0x000000070bc00000, 0x0000000711a00000, 0x0000000783f00000)
  object space 96256K, 18% used [0x000000070bc00000,0x000000070cda89c8,0x0000000711a00000)
 Metaspace       used 23701K, capacity 24218K, committed 24448K, reserved 1071104K
  class space    used 2729K, capacity 2911K, committed 2944K, reserved 1048576K
}
Event: 9.205 GC heap before
{Heap before GC invocations=8 (full 1):
 PSYoungGen      total 143872K, used 143855K [0x0000000783f00000, 0x0000000791000000, 0x00000007c0000000)
  eden space 130048K, 100% used [0x0000000783f00000,0x000000078be00000,0x000000078be00000)
  from space 13824K, 99% used [0x0000000790280000,0x0000000790ffbd00,0x0000000791000000)
  to   space 16384K, 0% used [0x000000078f000000,0x000000078f000000,0x0000000790000000)
 ParOldGen       total 96256K, used 18082K [0x000000070bc00000, 0x0000000711a00000, 0x0000000783f00000)
  object space 96256K, 18% used [0x000000070bc00000,0x000000070cda89c8,0x0000000711a00000)
 Metaspace       used 26041K, capacity 26728K, committed 26880K, reserved 1073152K
  class space    used 3016K, capacity 3251K, committed 3328K, reserved 1048576K
Event: 9.242 GC heap after
Heap after GC invocations=8 (full 1):
 PSYoungGen      total 146432K, used 16352K [0x0000000783f00000, 0x0000000791000000, 0x00000007c0000000)
  eden space 130048K, 0% used [0x0000000783f00000,0x0000000783f00000,0x000000078be00000)
  from space 16384K, 99% used [0x000000078f000000,0x000000078fff8180,0x0000000790000000)
  to   space 13824K, 0% used [0x0000000790280000,0x0000000790280000,0x0000000791000000)
 ParOldGen       total 96256K, used 24017K [0x000000070bc00000, 0x0000000711a00000, 0x0000000783f00000)
  object space 96256K, 24% used [0x000000070bc00000,0x000000070d374470,0x0000000711a00000)
 Metaspace       used 26041K, capacity 26728K, committed 26880K, reserved 1073152K
  class space    used 3016K, capacity 3251K, committed 3328K, reserved 1048576K
}

Deoptimization events (10 events):
Event: 7.597 Thread 0x0000000002ead800 Uncommon trap: reason=class_check action=maybe_recompile pc=0x00000000035fec34 method=com.google.inject.internal.MoreTypes.getRawType(Ljava/lang/reflect/Type;)Ljava/lang/Class; @ 13
Event: 7.598 Thread 0x0000000002ead800 Uncommon trap: reason=unstable_if action=reinterpret pc=0x00000000036016fc method=com.google.inject.internal.MoreTypes.canonicalize(Ljava/lang/reflect/Type;)Ljava/lang/reflect/Type; @ 16
Event: 7.598 Thread 0x0000000002ead800 Uncommon trap: reason=class_check action=maybe_recompile pc=0x00000000035fec34 method=com.google.inject.internal.MoreTypes.getRawType(Ljava/lang/reflect/Type;)Ljava/lang/Class; @ 13
Event: 7.599 Thread 0x0000000002ead800 Uncommon trap: reason=class_check action=maybe_recompile pc=0x00000000035fec34 method=com.google.inject.internal.MoreTypes.getRawType(Ljava/lang/reflect/Type;)Ljava/lang/Class; @ 13
Event: 7.603 Thread 0x0000000002ead800 Uncommon trap: reason=class_check action=maybe_recompile pc=0x00000000035fec34 method=com.google.inject.internal.MoreTypes.getRawType(Ljava/lang/reflect/Type;)Ljava/lang/Class; @ 13
Event: 7.756 Thread 0x0000000002ead800 Uncommon trap: reason=unstable_if action=reinterpret pc=0x0000000003bf7bcc method=org.codehaus.plexus.util.xml.pull.MXParser.parseAttribute()C @ 1002
Event: 8.180 Thread 0x0000000002ead800 Uncommon trap: reason=unstable_if action=reinterpret pc=0x0000000003aac300 method=java.util.Properties$LineReader.readLine()I @ 246
Event: 8.200 Thread 0x0000000002ead800 Uncommon trap: reason=class_check action=maybe_recompile pc=0x00000000039e6ea0 method=org.apache.maven.model.Plugin.clone()Lorg/apache/maven/model/Plugin; @ 94
Event: 8.224 Thread 0x0000000002ead800 Uncommon trap: reason=class_check action=maybe_recompile pc=0x000000000370a010 method=java.util.ComparableTimSort.countRunAndMakeAscending([Ljava/lang/Object;II)I @ 36
Event: 8.772 Thread 0x0000000021547800 Uncommon trap: reason=unstable_if action=reinterpret pc=0x00000000038fb704 method=java.lang.ThreadLocal.get()Ljava/lang/Object; @ 11

Internal exceptions (10 events):
Event: 2.139 Thread 0x0000000002ead800 Implicit null exception at 0x00000000037feac3 to 0x00000000037fed0d
Event: 2.823 Thread 0x0000000002ead800 Implicit null exception at 0x0000000003a031b4 to 0x0000000003a04519
Event: 3.121 Thread 0x0000000002ead800 Implicit null exception at 0x0000000003504a95 to 0x0000000003504c99
Event: 4.579 Thread 0x0000000002ead800 Exception <a 'java/lang/ClassNotFoundException': com/sun/tools/javac/api/JavacTool> (0x0000000786ca79a0) thrown at [C:\re\workspace\8-2-build-windows-amd64-cygwin\jdk8u111\7883\hotspot\src\share\vm\classfile\systemDictionary.cpp, line 210]
Event: 5.222 Thread 0x0000000002ead800 Exception <a 'java/io/FileNotFoundException'> (0x0000000787220f98) thrown at [C:\re\workspace\8-2-build-windows-amd64-cygwin\jdk8u111\7883\hotspot\src\share\vm\prims\jni.cpp, line 709]
Event: 5.225 Thread 0x0000000002ead800 Exception <a 'java/io/FileNotFoundException'> (0x0000000787255578) thrown at [C:\re\workspace\8-2-build-windows-amd64-cygwin\jdk8u111\7883\hotspot\src\share\vm\prims\jni.cpp, line 709]
Event: 7.089 Thread 0x0000000002ead800 Exception <a 'java/io/FileNotFoundException'> (0x0000000786eae238) thrown at [C:\re\workspace\8-2-build-windows-amd64-cygwin\jdk8u111\7883\hotspot\src\share\vm\prims\jni.cpp, line 709]
Event: 7.090 Thread 0x0000000002ead800 Exception <a 'java/io/FileNotFoundException'> (0x0000000786eafe48) thrown at [C:\re\workspace\8-2-build-windows-amd64-cygwin\jdk8u111\7883\hotspot\src\share\vm\prims\jni.cpp, line 709]
Event: 7.606 Thread 0x0000000002ead800 Exception <a 'java/lang/NoSuchMethodError': org.apache.maven.execution.MavenExecutionRequest.getFailureBehavior()Ljava/lang/String;> (0x0000000788249880) thrown at [C:\re\workspace\8-2-build-windows-amd64-cygwin\jdk8u111\7883\hotspot\src\share\vm\interpre
Event: 8.772 Thread 0x0000000021547800 Implicit null exception at 0x00000000038fb614 to 0x00000000038fb6ed

Events (10 events):
Event: 8.868 loading class org/codehaus/plexus/components/io/resources/proxy/PlexusIoProxyResourceCollection
Event: 8.868 loading class org/codehaus/plexus/components/io/resources/proxy/PlexusIoProxyResourceCollection done
Event: 9.073 Thread 0x0000000002ead800 DEOPT PACKING pc=0x00000000038ce755 sp=0x0000000002fec4e0
Event: 9.073 Thread 0x0000000002ead800 DEOPT UNPACKING pc=0x000000000315787f sp=0x0000000002fec1e8 mode 0
Event: 9.182 Thread 0x0000000002ead800 DEOPT PACKING pc=0x000000000350ae9a sp=0x0000000002fec570
Event: 9.182 Thread 0x0000000002ead800 DEOPT UNPACKING pc=0x000000000315787f sp=0x0000000002fec2d8 mode 0
Event: 9.205 Executing VM operation: ParallelGCFailedAllocation
Event: 9.242 Executing VM operation: ParallelGCFailedAllocation done
Event: 9.644 Thread 0x0000000002ead800 DEOPT PACKING pc=0x000000000350ae9a sp=0x0000000002fec010
Event: 9.644 Thread 0x0000000002ead800 DEOPT UNPACKING pc=0x000000000315787f sp=0x0000000002febd78 mode 0


Dynamic libraries:
0x00007ff714930000 - 0x00007ff714967000 	C:\Program Files\Java\JDK\jdk1.8.0_111\bin\javaw.exe
0x00007fff284b0000 - 0x00007fff286a5000 	C:\WINDOWS\SYSTEM32\ntdll.dll
0x00007fff26dd0000 - 0x00007fff26e8d000 	C:\WINDOWS\System32\KERNEL32.DLL
0x00007fff25ef0000 - 0x00007fff261b9000 	C:\WINDOWS\System32\KERNELBASE.dll
0x00007fff27e40000 - 0x00007fff27eec000 	C:\WINDOWS\System32\ADVAPI32.dll
0x00007fff27bf0000 - 0x00007fff27c8e000 	C:\WINDOWS\System32\msvcrt.dll
0x00007fff26520000 - 0x00007fff265bb000 	C:\WINDOWS\System32\sechost.dll
0x00007fff26ea0000 - 0x00007fff26fca000 	C:\WINDOWS\System32\RPCRT4.dll
0x00007fff280f0000 - 0x00007fff28290000 	C:\WINDOWS\System32\USER32.dll
0x00007fff25ca0000 - 0x00007fff25cc2000 	C:\WINDOWS\System32\win32u.dll
0x00007fff26fd0000 - 0x00007fff26ffa000 	C:\WINDOWS\System32\GDI32.dll
0x00007fff263b0000 - 0x00007fff264bb000 	C:\WINDOWS\System32\gdi32full.dll
0x00007fff261c0000 - 0x00007fff2625d000 	C:\WINDOWS\System32\msvcp_win.dll
0x00007fff262b0000 - 0x00007fff263b0000 	C:\WINDOWS\System32\ucrtbase.dll
0x00007fff1e0a0000 - 0x00007fff1e33a000 	C:\WINDOWS\WinSxS\amd64_microsoft.windows.common-controls_6595b64144ccf1df_6.0.19041.1110_none_60b5254171f9507e\COMCTL32.dll
0x00007fff27b40000 - 0x00007fff27b70000 	C:\WINDOWS\System32\IMM32.DLL
0x00000000759e0000 - 0x0000000075ab2000 	C:\Program Files\Java\JDK\jdk1.8.0_111\jre\bin\msvcr100.dll
0x0000000075140000 - 0x00000000759da000 	C:\Program Files\Java\JDK\jdk1.8.0_111\jre\bin\server\jvm.dll
0x00007fff280e0000 - 0x00007fff280e8000 	C:\WINDOWS\System32\PSAPI.DLL
0x00007fff13a80000 - 0x00007fff13a89000 	C:\WINDOWS\SYSTEM32\WSOCK32.dll
0x00007fff12b40000 - 0x00007fff12b67000 	C:\WINDOWS\SYSTEM32\WINMM.dll
0x00007fff28290000 - 0x00007fff282fb000 	C:\WINDOWS\System32\WS2_32.dll
0x00007fff1db30000 - 0x00007fff1db3a000 	C:\WINDOWS\SYSTEM32\VERSION.dll
0x0000000075130000 - 0x000000007513f000 	C:\Program Files\Java\JDK\jdk1.8.0_111\jre\bin\verify.dll
0x0000000075100000 - 0x0000000075129000 	C:\Program Files\Java\JDK\jdk1.8.0_111\jre\bin\java.dll
0x00000000750e0000 - 0x00000000750f6000 	C:\Program Files\Java\JDK\jdk1.8.0_111\jre\bin\zip.dll
0x00007fff26670000 - 0x00007fff26daf000 	C:\WINDOWS\System32\SHELL32.dll
0x00007fff23a10000 - 0x00007fff241a1000 	C:\WINDOWS\SYSTEM32\windows.storage.dll
0x00007fff277e0000 - 0x00007fff27b35000 	C:\WINDOWS\System32\combase.dll
0x00007fff25590000 - 0x00007fff255bc000 	C:\WINDOWS\SYSTEM32\Wldp.dll
0x00007fff265c0000 - 0x00007fff2666e000 	C:\WINDOWS\System32\SHCORE.dll
0x00007fff28360000 - 0x00007fff283b5000 	C:\WINDOWS\System32\shlwapi.dll
0x00007fff25b30000 - 0x00007fff25b4f000 	C:\WINDOWS\SYSTEM32\profapi.dll
0x00007fff254d0000 - 0x00007fff254e8000 	C:\WINDOWS\SYSTEM32\CRYPTSP.dll
0x00007fff24c90000 - 0x00007fff24cc4000 	C:\WINDOWS\system32\rsaenh.dll
0x00007fff25d60000 - 0x00007fff25d87000 	C:\WINDOWS\System32\bcrypt.dll
0x00007fff25af0000 - 0x00007fff25b1e000 	C:\WINDOWS\SYSTEM32\USERENV.dll
0x00007fff25cd0000 - 0x00007fff25d53000 	C:\WINDOWS\System32\bcryptprimitives.dll
0x00007fff254f0000 - 0x00007fff254fc000 	C:\WINDOWS\SYSTEM32\CRYPTBASE.dll
0x00000000750c0000 - 0x00000000750da000 	C:\Program Files\Java\JDK\jdk1.8.0_111\jre\bin\net.dll
0x00007fff252f0000 - 0x00007fff2535a000 	C:\WINDOWS\system32\mswsock.dll
0x00007fff24fe0000 - 0x00007fff2501b000 	C:\WINDOWS\SYSTEM32\IPHLPAPI.DLL
0x00007fff26e90000 - 0x00007fff26e98000 	C:\WINDOWS\System32\NSI.dll
0x00007fff1df30000 - 0x00007fff1df47000 	C:\WINDOWS\SYSTEM32\dhcpcsvc6.DLL
0x00007fff1ec60000 - 0x00007fff1ec7d000 	C:\WINDOWS\SYSTEM32\dhcpcsvc.DLL
0x00007fff25020000 - 0x00007fff250ec000 	C:\WINDOWS\SYSTEM32\DNSAPI.dll
0x00000000750a0000 - 0x00000000750b1000 	C:\Program Files\Java\JDK\jdk1.8.0_111\jre\bin\nio.dll
0x00007fff19c30000 - 0x00007fff19c3a000 	C:\Users\User\AppData\Local\Temp\jansi-1.17.1-5506450510249767430.dll

VM Arguments:
jvm_args: -Dmaven.home=EMBEDDED -Dclassworlds.conf=E:\Vijayalakshmi I0025\Lab activities- SRM\week1\Day1\.metadata\.plugins\org.eclipse.m2e.launching\launches\m2conf8446057526746273157.tmp -Dmaven.multiModuleProjectDirectory=E:\Vijayalakshmi I0025\Training_II\Reactjs\React\SocietyFinanceManagement\sfmbackend\sfmbackend -Djansi.force=true -Djansi.passthrough=true -Dfile.encoding=Cp1252 
java_command: org.codehaus.plexus.classworlds.launcher.Launcher -B clean install -Dstyle.color=always
java_class_path (initial): C:\Users\User\Downloads\sts-4.9.0.RELEASE\plugins\org.eclipse.m2e.maven.runtime_1.16.0.20200610-1735\jars\plexus-classworlds-2.6.0.jar
Launcher Type: SUN_STANDARD

Environment Variables:
JAVA_HOME=C:\Java\jdk-11.0.12
PATH=C:/Users/User/Downloads/sts-4.9.0.RELEASE//plugins/org.eclipse.justj.openjdk.hotspot.jre.full.win32.x86_64_15.0.1.v20201027-0507/jre/bin/server;C:/Users/User/Downloads/sts-4.9.0.RELEASE//plugins/org.eclipse.justj.openjdk.hotspot.jre.full.win32.x86_64_15.0.1.v20201027-0507/jre/bin;C:\Program Files\Common Files\Oracle\Java\javapath;C:\app\User\product\18.0.0\dbhomeXE\bin;C:\Program Files\AdoptOpenJDK\jdk-11.0.10.9-hotspot\bin;C:\Program Files (x86)\Common Files\Oracle\Java\javapath;C:\WINDOWS\system32;C:\WINDOWS;C:\WINDOWS\System32\Wbem;C:\WINDOWS\System32\WindowsPowerShell\v1.0\;C:\WINDOWS\System32\OpenSSH\;C:\Program Files\nodejs\;C:\Program Files\Git\cmd;C:\Users\User\Downloads\sonar-scanner-cli-4.6.2.2472-windows\sonar-scanner-4.6.2.2472-windows\bin;C:\Program Files\Java\apache-maven-3.8.1-bin(1)\apache-maven-3.8.1\bin;C:\Program Files\MySQL\MySQL Shell 8.0\bin\;C:\Users\User\AppData\Local\Microsoft\WindowsApps;C:\Users\User\AppData\Local\Programs\Microsoft VS Code\bin;C:\Users\User\AppData\Roaming\npm;C:\Users\User\AppData\Local\GitHubDesktop\bin;C:\Program Files\Java\apache-maven-3.8.1-bin(1)\apache-maven-3.8.1\bin;;C:\Users\User\Downloads\sts-4.9.0.RELEASE;
USERNAME=User
OS=Windows_NT
PROCESSOR_IDENTIFIER=Intel64 Family 6 Model 142 Stepping 10, GenuineIntel



---------------  S Y S T E M  ---------------

OS: Windows 10.0 , 64 bit Build 19041 (10.0.19041.1023)

CPU:total 8 (4 cores per cpu, 2 threads per core) family 6 model 142 stepping 10, cmov, cx8, fxsr, mmx, sse, sse2, sse3, ssse3, sse4.1, sse4.2, popcnt, avx, avx2, aes, clmul, erms, 3dnowpref, lzcnt, ht, tsc, tscinvbit, bmi1, bmi2, adx

Memory: 4k page, physical 11810844k(3071416k free), swap 26326964k(912k free)

vm_info: Java HotSpot(TM) 64-Bit Server VM (25.111-b14) for windows-amd64 JRE (1.8.0_111-b14), built on Sep 22 2016 19:24:05 by "java_re" with MS VC++ 10.0 (VS2010)

time: Thu Aug 12 17:36:02 2021
elapsed time: 9 seconds (0d 0h 0m 9s)

