#
# There is insufficient memory for the Java Runtime Environment to continue.
# Native memory allocation (malloc) failed to allocate 1048576 bytes for AllocateHeap
# Possible reasons:
#   The system is out of physical RAM or swap space
#   In 32 bit mode, the process size limit was hit
# Possible solutions:
#   Reduce memory load on the system
#   Increase physical memory or swap space
#   Check if swap backing store is full
#   Use 64 bit Java on a 64 bit OS
#   Decrease Java heap size (-Xmx/-Xms)
#   Decrease number of Java threads
#   Decrease Java thread stack sizes (-Xss)
#   Set larger code cache with -XX:ReservedCodeCacheSize=
# This output file may be truncated or incomplete.
#
#  Out of Memory Error (memory/allocation.inline.hpp:61), pid=4656, tid=0x0000000000001080
#
# JRE version:  (8.0_111-b14) (build )
# Java VM: Java HotSpot(TM) 64-Bit Server VM (25.111-b14 mixed mode windows-amd64 compressed oops)
# Failed to write core dump. Minidumps are not enabled by default on client versions of Windows
#

---------------  T H R E A D  ---------------

Current thread (0x00000000026dd800):  JavaThread "Unknown thread" [_thread_in_vm, id=4224, stack(0x0000000002750000,0x0000000002850000)]

Stack: [0x0000000002750000,0x0000000002850000]
[error occurred during error reporting (printing stack bounds), id 0xc0000005]

Native frames: (J=compiled Java code, j=interpreted, Vv=VM code, C=native code)


---------------  P R O C E S S  ---------------

Java Threads: ( => current thread )

Other Threads:

=>0x00000000026dd800 (exited) JavaThread "Unknown thread" [_thread_in_vm, id=4224, stack(0x0000000002750000,0x0000000002850000)]

VM state:not at safepoint (normal execution)

VM Mutex/Monitor currently owned by a thread: None

Heap:
 PSYoungGen      total 54272K, used 931K [0x0000000783f00000, 0x0000000787b80000, 0x00000007c0000000)
  eden space 46592K, 2% used [0x0000000783f00000,0x0000000783fe8f68,0x0000000786c80000)
  from space 7680K, 0% used [0x0000000787400000,0x0000000787400000,0x0000000787b80000)
  to   space 7680K, 0% used [0x0000000786c80000,0x0000000786c80000,0x0000000787400000)
 ParOldGen       total 124416K, used 0K [0x000000070bc00000, 0x0000000713580000, 0x0000000783f00000)
  object space 124416K, 0% used [0x000000070bc00000,0x000000070bc00000,0x0000000713580000)
 Metaspace       used 770K, capacity 4480K, committed 4480K, reserved 1056768K
  class space    used 75K, capacity 384K, committed 384K, reserved 1048576K

Card table byte_map: [0x0000000011d10000,0x00000000122c0000] byte_map_base: 0x000000000e4b2000

Marking Bits: (ParMarkBitMap*) 0x000000007595a6c0
 Begin Bits: [0x0000000012e90000, 0x0000000015ba0000)
 End Bits:   [0x0000000015ba0000, 0x00000000188b0000)

Polling page: 0x00000000026c0000

CodeCache: size=245760Kb used=328Kb max_used=328Kb free=245431Kb
 bounds [0x0000000002950000, 0x0000000002bc0000, 0x0000000011950000]
 total_blobs=58 nmethods=0 adapters=38
 compilation: enabled

Compilation events (0 events):
No events

GC Heap History (0 events):
No events

Deoptimization events (0 events):
No events

Internal exceptions (0 events):
No events

Events (10 events):
Event: 0.027 loading class java/lang/Short
Event: 0.027 loading class java/lang/Short done
Event: 0.027 loading class java/lang/Integer
Event: 0.027 loading class java/lang/Integer done
Event: 0.027 loading class java/lang/Long
Event: 0.027 loading class java/lang/Long done
Event: 0.028 loading class java/lang/NullPointerException
Event: 0.028 loading class java/lang/NullPointerException done
Event: 0.028 loading class java/lang/ArithmeticException
Event: 0.028 loading class java/lang/ArithmeticException done


Dynamic libraries:
0x00007ff714930000 - 0x00007ff714967000 	C:\Program Files\Java\JDK\jdk1.8.0_111\bin\javaw.exe
0x00007fff284b0000 - 0x00007fff286a5000 	C:\WINDOWS\SYSTEM32\ntdll.dll
0x00007fff26dd0000 - 0x00007fff26e8d000 	C:\WINDOWS\System32\KERNEL32.DLL
0x00007fff25ef0000 - 0x00007fff261b9000 	C:\WINDOWS\System32\KERNELBASE.dll
0x00007fff27e40000 - 0x00007fff27eec000 	C:\WINDOWS\System32\ADVAPI32.dll
0x00007fff27bf0000 - 0x00007fff27c8e000 	C:\WINDOWS\System32\msvcrt.dll
0x00007fff26520000 - 0x00007fff265bb000 	C:\WINDOWS\System32\sechost.dll
0x00007fff26ea0000 - 0x00007fff26fca000 	C:\WINDOWS\System32\RPCRT4.dll
0x00007fff280f0000 - 0x00007fff28290000 	C:\WINDOWS\System32\USER32.dll
0x00007fff25ca0000 - 0x00007fff25cc2000 	C:\WINDOWS\System32\win32u.dll
0x00007fff26fd0000 - 0x00007fff26ffa000 	C:\WINDOWS\System32\GDI32.dll
0x00007fff263b0000 - 0x00007fff264bb000 	C:\WINDOWS\System32\gdi32full.dll
0x00007fff261c0000 - 0x00007fff2625d000 	C:\WINDOWS\System32\msvcp_win.dll
0x00007fff262b0000 - 0x00007fff263b0000 	C:\WINDOWS\System32\ucrtbase.dll
0x00007fff1e0a0000 - 0x00007fff1e33a000 	C:\WINDOWS\WinSxS\amd64_microsoft.windows.common-controls_6595b64144ccf1df_6.0.19041.1110_none_60b5254171f9507e\COMCTL32.dll
0x00007fff27b40000 - 0x00007fff27b70000 	C:\WINDOWS\System32\IMM32.DLL
0x00000000759e0000 - 0x0000000075ab2000 	C:\Program Files\Java\JDK\jdk1.8.0_111\jre\bin\msvcr100.dll
0x0000000075140000 - 0x00000000759da000 	C:\Program Files\Java\JDK\jdk1.8.0_111\jre\bin\server\jvm.dll
0x00007fff280e0000 - 0x00007fff280e8000 	C:\WINDOWS\System32\PSAPI.DLL
0x00007fff13a80000 - 0x00007fff13a89000 	C:\WINDOWS\SYSTEM32\WSOCK32.dll
0x00007fff12b40000 - 0x00007fff12b67000 	C:\WINDOWS\SYSTEM32\WINMM.dll
0x00007fff1db30000 - 0x00007fff1db3a000 	C:\WINDOWS\SYSTEM32\VERSION.dll
0x00007fff28290000 - 0x00007fff282fb000 	C:\WINDOWS\System32\WS2_32.dll
0x0000000075130000 - 0x000000007513f000 	C:\Program Files\Java\JDK\jdk1.8.0_111\jre\bin\verify.dll
0x0000000075100000 - 0x0000000075129000 	C:\Program Files\Java\JDK\jdk1.8.0_111\jre\bin\java.dll
0x00000000750e0000 - 0x00000000750f6000 	C:\Program Files\Java\JDK\jdk1.8.0_111\jre\bin\zip.dll

VM Arguments:
jvm_args: -Dmaven.home=EMBEDDED -Dclassworlds.conf=E:\Vijayalakshmi I0025\Lab activities- SRM\week1\Day1\.metadata\.plugins\org.eclipse.m2e.launching\launches\m2conf17690974535068724522.tmp -Dmaven.multiModuleProjectDirectory=E:\Vijayalakshmi I0025\Training_II\Reactjs\React\SocietyFinanceManagement\sfmbackend\sfmbackend -Djansi.force=true -Djansi.passthrough=true -Dfile.encoding=Cp1252 
java_command: org.codehaus.plexus.classworlds.launcher.Launcher -B clean install -Dstyle.color=always
java_class_path (initial): C:\Users\User\Downloads\sts-4.9.0.RELEASE\plugins\org.eclipse.m2e.maven.runtime_1.16.0.20200610-1735\jars\plexus-classworlds-2.6.0.jar
Launcher Type: SUN_STANDARD

Environment Variables:
JAVA_HOME=C:\Java\jdk-11.0.12
PATH=C:/Users/User/Downloads/sts-4.9.0.RELEASE//plugins/org.eclipse.justj.openjdk.hotspot.jre.full.win32.x86_64_15.0.1.v20201027-0507/jre/bin/server;C:/Users/User/Downloads/sts-4.9.0.RELEASE//plugins/org.eclipse.justj.openjdk.hotspot.jre.full.win32.x86_64_15.0.1.v20201027-0507/jre/bin;C:\Program Files\Common Files\Oracle\Java\javapath;C:\app\User\product\18.0.0\dbhomeXE\bin;C:\Program Files\AdoptOpenJDK\jdk-11.0.10.9-hotspot\bin;C:\Program Files (x86)\Common Files\Oracle\Java\javapath;C:\WINDOWS\system32;C:\WINDOWS;C:\WINDOWS\System32\Wbem;C:\WINDOWS\System32\WindowsPowerShell\v1.0\;C:\WINDOWS\System32\OpenSSH\;C:\Program Files\nodejs\;C:\Program Files\Git\cmd;C:\Users\User\Downloads\sonar-scanner-cli-4.6.2.2472-windows\sonar-scanner-4.6.2.2472-windows\bin;C:\Program Files\Java\apache-maven-3.8.1-bin(1)\apache-maven-3.8.1\bin;C:\Program Files\MySQL\MySQL Shell 8.0\bin\;C:\Users\User\AppData\Local\Microsoft\WindowsApps;C:\Users\User\AppData\Local\Programs\Microsoft VS Code\bin;C:\Users\User\AppData\Roaming\npm;C:\Program Files\Java\apache-maven-3.8.1-bin\apache-maven-3.8.1\bin;C:\Users\User\AppData\Local\GitHubDesktop\bin;C:\Program Files\Java\apache-maven-3.8.1-bin(1)\apache-maven-3.8.1\bin;;C:\Users\User\Downloads\sts-4.9.0.RELEASE;
USERNAME=User
OS=Windows_NT
PROCESSOR_IDENTIFIER=Intel64 Family 6 Model 142 Stepping 10, GenuineIntel



---------------  S Y S T E M  ---------------

OS: Windows 10.0 , 64 bit Build 19041 (10.0.19041.1023)

CPU:total 8 (4 cores per cpu, 2 threads per core) family 6 model 142 stepping 10, cmov, cx8, fxsr, mmx, sse, sse2, sse3, ssse3, sse4.1, sse4.2, popcnt, avx, avx2, aes, clmul, erms, 3dnowpref, lzcnt, ht, tsc, tscinvbit, bmi1, bmi2, adx

Memory: 4k page, physical 11810844k(3325676k free), swap 26326964k(6028k free)

vm_info: Java HotSpot(TM) 64-Bit Server VM (25.111-b14) for windows-amd64 JRE (1.8.0_111-b14), built on Sep 22 2016 19:24:05 by "java_re" with MS VC++ 10.0 (VS2010)

time: Thu Aug 12 15:57:09 2021
elapsed time: 0 seconds (0d 0h 0m 0s)

