#
# A fatal error has been detected by the Java Runtime Environment:
#
#  EXCEPTION_ACCESS_VIOLATION (0xc0000005) at pc=0x0000000074f80ff0, pid=32276, tid=0x00000000000034ec
#
# JRE version: Java(TM) SE Runtime Environment (8.0_111-b14) (build 1.8.0_111-b14)
# Java VM: Java HotSpot(TM) 64-Bit Server VM (25.111-b14 mixed mode windows-amd64 compressed oops)
# Problematic frame:
# V  [jvm.dll+0xe0ff0]
#
# Failed to write core dump. Minidumps are not enabled by default on client versions of Windows
#
# If you would like to submit a bug report, please visit:
#   http://bugreport.java.com/bugreport/crash.jsp
#

---------------  T H R E A D  ---------------

Current thread (0x000000001baad800):  JavaThread "C1 CompilerThread3" daemon [_thread_in_vm, id=13548, stack(0x000000001c570000,0x000000001c670000)]

siginfo: ExceptionCode=0xc0000005, writing address 0x0000000011ca9000

Registers:
RAX=0x0000000000000072, RBX=0x00000000012619e0, RCX=0x0000000011ca9000, RDX=0x0000000011ca90cb
RSP=0x000000001c66efe0, RBP=0x000000001c66f238, RSI=0x0000000000000000, RDI=0x000000000000023b
R8 =0x0000000000000001, R9 =0x0000000000000000, R10=0x0000000000000000, R11=0x0000000000000000
R12=0x00000000000000cc, R13=0x0000000000008ea8, R14=0x000000001bab9700, R15=0x000000001babd0a0
RIP=0x0000000074f80ff0, EFLAGS=0x0000000000010297

Top of Stack: (sp=0x000000001c66efe0)
0x000000001c66efe0:   0000000000008ea8 00000000012619e0
0x000000001c66eff0:   000000001c66f238 0000000000000000
0x000000001c66f000:   0000000000008ea8 0000000074f2fa76
0x000000001c66f010:   0000000000000000 0000000000001410
0x000000001c66f020:   000000001c66f238 0000000002b919d0
0x000000001c66f030:   0000000000002add 0000000074f3d0eb
0x000000001c66f040:   000000000126c0a0 000000000126c0a0
0x000000001c66f050:   000000001c66f238 000000001c66f1f9
0x000000001c66f060:   0000000000000000 000000001cd87b80
0x000000001c66f070:   00000000ffffffff 00000000000002b0
0x000000001c66f080:   000000001c66f0a8 0000000000000000
0x000000001c66f090:   000000001bab96d8 0000000075320e08
0x000000001c66f0a0:   00009bdb728e5f84 000000001c9e37a0
0x000000001c66f0b0:   000000001d6ca8d0 0000000074f33285
0x000000001c66f0c0:   0000016000000798 00000002ffffffff
0x000000001c66f0d0:   0000000000000030 000000001c66f558 

Instructions: (pc=0x0000000074f80ff0)
0x0000000074f80fd0:   6a 48 03 8b 80 00 00 00 33 c0 48 8d 14 39 48 3b
0x0000000074f80fe0:   ca 73 22 44 8d 40 01 66 0f 1f 84 00 00 00 00 00
0x0000000074f80ff0:   88 01 ff c0 48 ff c1 3d ff 00 00 00 41 0f 44 c0
0x0000000074f81000:   48 3b ca 72 eb 48 8b 83 00 01 00 00 8b 8b f8 00 


Register to memory mapping:

RAX=0x0000000000000072 is an unknown value
RBX=0x00000000012619e0 is an unknown value
RCX=0x0000000011ca9000 is an unknown value
RDX=0x0000000011ca90cb is an unknown value
RSP=0x000000001c66efe0 is pointing into the stack for thread: 0x000000001baad800
RBP=0x000000001c66f238 is pointing into the stack for thread: 0x000000001baad800
RSI=0x0000000000000000 is an unknown value
RDI=0x000000000000023b is an unknown value
R8 =0x0000000000000001 is an unknown value
R9 =0x0000000000000000 is an unknown value
R10=0x0000000000000000 is an unknown value
R11=0x0000000000000000 is an unknown value
R12=0x00000000000000cc is an unknown value
R13=0x0000000000008ea8 is an unknown value
R14=0x000000001bab9700 is an unknown value
R15=0x000000001babd0a0 is an unknown value


Stack: [0x000000001c570000,0x000000001c670000],  sp=0x000000001c66efe0,  free space=1019k
Native frames: (J=compiled Java code, j=interpreted, Vv=VM code, C=native code)
V  [jvm.dll+0xe0ff0]
V  [jvm.dll+0x8fa76]
V  [jvm.dll+0x9d0eb]
V  [jvm.dll+0x30cde]
V  [jvm.dll+0x40d249]
V  [jvm.dll+0x40e204]
V  [jvm.dll+0x40e3b1]
V  [jvm.dll+0x40e5bf]
V  [jvm.dll+0xa5742]
V  [jvm.dll+0xa607f]
V  [jvm.dll+0x244b7f]
V  [jvm.dll+0x29c43a]
C  [msvcr100.dll+0x21d9f]
C  [msvcr100.dll+0x21e3b]
C  [KERNEL32.DLL+0x17034]
C  [ntdll.dll+0x52651]


Current CompileTask:
C1:   3118 1944       2       org.apache.maven.model.io.xpp3.MavenXpp3Reader::parseModel (1591 bytes)


---------------  P R O C E S S  ---------------

Java Threads: ( => current thread )
  0x000000001bb2f800 JavaThread "Service Thread" daemon [_thread_blocked, id=30220, stack(0x000000001c670000,0x000000001c770000)]
=>0x000000001baad800 JavaThread "C1 CompilerThread3" daemon [_thread_in_vm, id=13548, stack(0x000000001c570000,0x000000001c670000)]
  0x000000001baa7800 JavaThread "C2 CompilerThread2" daemon [_thread_in_native, id=28052, stack(0x000000001c470000,0x000000001c570000)]
  0x000000001ba9d000 JavaThread "C2 CompilerThread1" daemon [_thread_in_vm, id=19500, stack(0x000000001c370000,0x000000001c470000)]
  0x000000001ba9a800 JavaThread "C2 CompilerThread0" daemon [_thread_in_native, id=31056, stack(0x000000001c270000,0x000000001c370000)]
  0x000000001ba98000 JavaThread "Attach Listener" daemon [_thread_blocked, id=29936, stack(0x000000001c170000,0x000000001c270000)]
  0x000000001ba97000 JavaThread "Signal Dispatcher" daemon [_thread_blocked, id=10524, stack(0x000000001c070000,0x000000001c170000)]
  0x0000000002c8e800 JavaThread "Finalizer" daemon [_thread_blocked, id=30372, stack(0x000000001be70000,0x000000001bf70000)]
  0x0000000002c87000 JavaThread "Reference Handler" daemon [_thread_blocked, id=29572, stack(0x000000001b970000,0x000000001ba70000)]
  0x000000000126d800 JavaThread "main" [_thread_blocked, id=6052, stack(0x0000000002a90000,0x0000000002b90000)]

Other Threads:
  0x0000000019b89800 VMThread [stack: 0x000000001b870000,0x000000001b970000] [id=2432]
  0x000000001bb49800 WatcherThread [stack: 0x000000001c770000,0x000000001c870000] [id=31824]

VM state:not at safepoint (normal execution)

VM Mutex/Monitor currently owned by a thread:  ([mutex/lock_event])
[0x000000000126c0a0] CodeCache_lock - owner thread: 0x000000001baad800
[0x0000000002b919d0] Compile_lock - owner thread: 0x000000001baad800
[0x0000000002b90dd0] MethodCompileQueue_lock - owner thread: 0x000000001baad800

Heap:
 PSYoungGen      total 54272K, used 10437K [0x0000000783f00000, 0x0000000787b80000, 0x00000007c0000000)
  eden space 46592K, 5% used [0x0000000783f00000,0x00000007841b5450,0x0000000786c80000)
  from space 7680K, 99% used [0x0000000787400000,0x0000000787b7c010,0x0000000787b80000)
  to   space 7680K, 0% used [0x0000000786c80000,0x0000000786c80000,0x0000000787400000)
 ParOldGen       total 124416K, used 8590K [0x000000070bc00000, 0x0000000713580000, 0x0000000783f00000)
  object space 124416K, 6% used [0x000000070bc00000,0x000000070c463868,0x0000000713580000)
 Metaspace       used 16345K, capacity 16694K, committed 17024K, reserved 1064960K
  class space    used 1961K, capacity 2085K, committed 2176K, reserved 1048576K

Card table byte_map: [0x0000000012050000,0x0000000012600000] byte_map_base: 0x000000000e7f2000

Marking Bits: (ParMarkBitMap*) 0x00000000756ba6c0
 Begin Bits: [0x00000000131d0000, 0x0000000015ee0000)
 End Bits:   [0x0000000015ee0000, 0x0000000018bf0000)

Polling page: 0x00000000011d0000

CodeCache: size=245760Kb used=6339Kb max_used=6349Kb free=239421Kb
 bounds [0x0000000002c90000, 0x00000000032e0000, 0x0000000011c90000]
 total_blobs=2259 nmethods=1886 adapters=283
 compilation: enabled

Compilation events (10 events):
Event: 3.076 Thread 0x000000001baad800 nmethod 1936 0x00000000032c5810 code [0x00000000032c59c0, 0x00000000032c6038]
Event: 3.076 Thread 0x000000001baad800 1933       3       org.eclipse.aether.RequestTrace::newChild (19 bytes)
Event: 3.076 Thread 0x000000001baa7800 nmethod 1892 0x00000000032c4b10 code [0x00000000032c4c80, 0x00000000032c51b8]
Event: 3.076 Thread 0x000000001baa7800 1940 %     4       sun.nio.cs.UTF_8$Decoder::decode @ 20 (779 bytes)
Event: 3.076 Thread 0x000000001baad800 nmethod 1933 0x00000000032c8b50 code [0x00000000032c8ce0, 0x00000000032c9190]
Event: 3.076 Thread 0x000000001baad800 1934       1       org.eclipse.aether.DefaultRepositorySystemSession::getWorkspaceReader (5 bytes)
Event: 3.076 Thread 0x000000001baad800 nmethod 1934 0x0000000002dc0810 code [0x0000000002dc0960, 0x0000000002dc0a70]
Event: 3.076 Thread 0x000000001baad800 1942       2       org.codehaus.plexus.util.xml.pull.MXParser::ensureAttributesCapacity (206 bytes)
Event: 3.077 Thread 0x000000001baad800 nmethod 1942 0x00000000032c7e10 code [0x00000000032c7fc0, 0x00000000032c8908]
Event: 3.077 Thread 0x000000001baad800 1944       2       org.apache.maven.model.io.xpp3.MavenXpp3Reader::parseModel (1591 bytes)

GC Heap History (8 events):
Event: 1.052 GC heap before
{Heap before GC invocations=1 (full 0):
 PSYoungGen      total 54272K, used 46592K [0x0000000783f00000, 0x0000000787b80000, 0x00000007c0000000)
  eden space 46592K, 100% used [0x0000000783f00000,0x0000000786c80000,0x0000000786c80000)
  from space 7680K, 0% used [0x0000000787400000,0x0000000787400000,0x0000000787b80000)
  to   space 7680K, 0% used [0x0000000786c80000,0x0000000786c80000,0x0000000787400000)
 ParOldGen       total 124416K, used 0K [0x000000070bc00000, 0x0000000713580000, 0x0000000783f00000)
  object space 124416K, 0% used [0x000000070bc00000,0x000000070bc00000,0x0000000713580000)
 Metaspace       used 9689K, capacity 9832K, committed 9984K, reserved 1058816K
  class space    used 1170K, capacity 1210K, committed 1280K, reserved 1048576K
Event: 1.058 GC heap after
Heap after GC invocations=1 (full 0):
 PSYoungGen      total 54272K, used 7146K [0x0000000783f00000, 0x0000000787b80000, 0x00000007c0000000)
  eden space 46592K, 0% used [0x0000000783f00000,0x0000000783f00000,0x0000000786c80000)
  from space 7680K, 93% used [0x0000000786c80000,0x000000078737abc0,0x0000000787400000)
  to   space 7680K, 0% used [0x0000000787400000,0x0000000787400000,0x0000000787b80000)
 ParOldGen       total 124416K, used 16K [0x000000070bc00000, 0x0000000713580000, 0x0000000783f00000)
  object space 124416K, 0% used [0x000000070bc00000,0x000000070bc04000,0x0000000713580000)
 Metaspace       used 9689K, capacity 9832K, committed 9984K, reserved 1058816K
  class space    used 1170K, capacity 1210K, committed 1280K, reserved 1048576K
}
Event: 1.818 GC heap before
{Heap before GC invocations=2 (full 0):
 PSYoungGen      total 54272K, used 53738K [0x0000000783f00000, 0x0000000787b80000, 0x00000007c0000000)
  eden space 46592K, 100% used [0x0000000783f00000,0x0000000786c80000,0x0000000786c80000)
  from space 7680K, 93% used [0x0000000786c80000,0x000000078737abc0,0x0000000787400000)
  to   space 7680K, 0% used [0x0000000787400000,0x0000000787400000,0x0000000787b80000)
 ParOldGen       total 124416K, used 16K [0x000000070bc00000, 0x0000000713580000, 0x0000000783f00000)
  object space 124416K, 0% used [0x000000070bc00000,0x000000070bc04000,0x0000000713580000)
 Metaspace       used 15085K, capacity 15336K, committed 15616K, reserved 1062912K
  class space    used 1833K, capacity 1940K, committed 2048K, reserved 1048576K
Event: 1.827 GC heap after
Heap after GC invocations=2 (full 0):
 PSYoungGen      total 54272K, used 7677K [0x0000000783f00000, 0x0000000787b80000, 0x00000007c0000000)
  eden space 46592K, 0% used [0x0000000783f00000,0x0000000783f00000,0x0000000786c80000)
  from space 7680K, 99% used [0x0000000787400000,0x0000000787b7f538,0x0000000787b80000)
  to   space 7680K, 0% used [0x0000000786c80000,0x0000000786c80000,0x0000000787400000)
 ParOldGen       total 124416K, used 2148K [0x000000070bc00000, 0x0000000713580000, 0x0000000783f00000)
  object space 124416K, 1% used [0x000000070bc00000,0x000000070be19140,0x0000000713580000)
 Metaspace       used 15085K, capacity 15336K, committed 15616K, reserved 1062912K
  class space    used 1833K, capacity 1940K, committed 2048K, reserved 1048576K
}
Event: 2.260 GC heap before
{Heap before GC invocations=3 (full 0):
 PSYoungGen      total 54272K, used 54269K [0x0000000783f00000, 0x0000000787b80000, 0x00000007c0000000)
  eden space 46592K, 100% used [0x0000000783f00000,0x0000000786c80000,0x0000000786c80000)
  from space 7680K, 99% used [0x0000000787400000,0x0000000787b7f538,0x0000000787b80000)
  to   space 7680K, 0% used [0x0000000786c80000,0x0000000786c80000,0x0000000787400000)
 ParOldGen       total 124416K, used 2148K [0x000000070bc00000, 0x0000000713580000, 0x0000000783f00000)
  object space 124416K, 1% used [0x000000070bc00000,0x000000070be19140,0x0000000713580000)
 Metaspace       used 15569K, capacity 15788K, committed 15872K, reserved 1062912K
  class space    used 1875K, capacity 1978K, committed 2048K, reserved 1048576K
Event: 2.269 GC heap after
Heap after GC invocations=3 (full 0):
 PSYoungGen      total 54272K, used 7648K [0x0000000783f00000, 0x0000000787b80000, 0x00000007c0000000)
  eden space 46592K, 0% used [0x0000000783f00000,0x0000000783f00000,0x0000000786c80000)
  from space 7680K, 99% used [0x0000000786c80000,0x00000007873f8020,0x0000000787400000)
  to   space 7680K, 0% used [0x0000000787400000,0x0000000787400000,0x0000000787b80000)
 ParOldGen       total 124416K, used 5314K [0x000000070bc00000, 0x0000000713580000, 0x0000000783f00000)
  object space 124416K, 4% used [0x000000070bc00000,0x000000070c130b00,0x0000000713580000)
 Metaspace       used 15569K, capacity 15788K, committed 15872K, reserved 1062912K
  class space    used 1875K, capacity 1978K, committed 2048K, reserved 1048576K
}
Event: 3.042 GC heap before
{Heap before GC invocations=4 (full 0):
 PSYoungGen      total 54272K, used 54240K [0x0000000783f00000, 0x0000000787b80000, 0x00000007c0000000)
  eden space 46592K, 100% used [0x0000000783f00000,0x0000000786c80000,0x0000000786c80000)
  from space 7680K, 99% used [0x0000000786c80000,0x00000007873f8020,0x0000000787400000)
  to   space 7680K, 0% used [0x0000000787400000,0x0000000787400000,0x0000000787b80000)
 ParOldGen       total 124416K, used 5314K [0x000000070bc00000, 0x0000000713580000, 0x0000000783f00000)
  object space 124416K, 4% used [0x000000070bc00000,0x000000070c130b00,0x0000000713580000)
 Metaspace       used 16297K, capacity 16630K, committed 16768K, reserved 1064960K
  class space    used 1961K, capacity 2085K, committed 2176K, reserved 1048576K
Event: 3.051 GC heap after
Heap after GC invocations=4 (full 0):
 PSYoungGen      total 54272K, used 7664K [0x0000000783f00000, 0x0000000787b80000, 0x00000007c0000000)
  eden space 46592K, 0% used [0x0000000783f00000,0x0000000783f00000,0x0000000786c80000)
  from space 7680K, 99% used [0x0000000787400000,0x0000000787b7c010,0x0000000787b80000)
  to   space 7680K, 0% used [0x0000000786c80000,0x0000000786c80000,0x0000000787400000)
 ParOldGen       total 124416K, used 8590K [0x000000070bc00000, 0x0000000713580000, 0x0000000783f00000)
  object space 124416K, 6% used [0x000000070bc00000,0x000000070c463868,0x0000000713580000)
 Metaspace       used 16297K, capacity 16630K, committed 16768K, reserved 1064960K
  class space    used 1961K, capacity 2085K, committed 2176K, reserved 1048576K
}

Deoptimization events (10 events):
Event: 2.163 Thread 0x000000000126d800 Uncommon trap: reason=predicate action=maybe_recompile pc=0x0000000002f949d8 method=java.nio.charset.CharsetDecoder.decode(Ljava/nio/ByteBuffer;Ljava/nio/CharBuffer;Z)Ljava/nio/charset/CoderResult; @ 54
Event: 2.209 Thread 0x000000000126d800 Uncommon trap: reason=unstable_if action=reinterpret pc=0x000000000322f21c method=java.util.LinkedHashMap.afterNodeInsertion(Z)V @ 18
Event: 2.708 Thread 0x000000000126d800 Uncommon trap: reason=unstable_if action=reinterpret pc=0x000000000305d228 method=java.util.HashMap.hash(Ljava/lang/Object;)I @ 1
Event: 2.710 Thread 0x000000000126d800 Uncommon trap: reason=unstable_if action=reinterpret pc=0x000000000303ec10 method=java.util.HashMap.getNode(ILjava/lang/Object;)Ljava/util/HashMap$Node; @ 53
Event: 2.931 Thread 0x000000000126d800 Uncommon trap: reason=unstable_if action=reinterpret pc=0x00000000031eb1f4 method=sun.net.www.protocol.jar.Handler.parseURL(Ljava/net/URL;Ljava/lang/String;II)V @ 94
Event: 2.934 Thread 0x000000000126d800 Uncommon trap: reason=class_check action=maybe_recompile pc=0x00000000031a808c method=com.google.inject.internal.LinkedBindingImpl.acceptTargetVisitor(Lcom/google/inject/spi/BindingTargetVisitor;)Ljava/lang/Object; @ 2
Event: 2.934 Thread 0x000000000126d800 Uncommon trap: reason=class_check action=maybe_recompile pc=0x00000000031a808c method=com.google.inject.internal.LinkedBindingImpl.acceptTargetVisitor(Lcom/google/inject/spi/BindingTargetVisitor;)Ljava/lang/Object; @ 2
Event: 2.940 Thread 0x000000000126d800 Uncommon trap: reason=class_check action=maybe_recompile pc=0x00000000031a808c method=com.google.inject.internal.LinkedBindingImpl.acceptTargetVisitor(Lcom/google/inject/spi/BindingTargetVisitor;)Ljava/lang/Object; @ 2
Event: 2.940 Thread 0x000000000126d800 Uncommon trap: reason=class_check action=maybe_recompile pc=0x00000000031a808c method=com.google.inject.internal.LinkedBindingImpl.acceptTargetVisitor(Lcom/google/inject/spi/BindingTargetVisitor;)Ljava/lang/Object; @ 2
Event: 3.070 Thread 0x000000000126d800 Uncommon trap: reason=null_check action=make_not_entrant pc=0x0000000002d9d768 method=org.apache.maven.model.io.xpp3.MavenXpp3Reader.checkFieldWithDuplicate(Lorg/codehaus/plexus/util/xml/pull/XmlPullParser;Ljava/lang/String;Ljava/lang/String;Ljava/util/Se

Internal exceptions (10 events):
Event: 1.550 Thread 0x000000000126d800 Exception <a 'java/lang/NullPointerException'> (0x0000000785f6cd58) thrown at [C:\re\workspace\8-2-build-windows-amd64-cygwin\jdk8u111\7883\hotspot\src\share\vm\interpreter\linkResolver.cpp, line 1178]
Event: 1.550 Thread 0x000000000126d800 Exception <a 'java/lang/NullPointerException'> (0x0000000785f6cf70) thrown at [C:\re\workspace\8-2-build-windows-amd64-cygwin\jdk8u111\7883\hotspot\src\share\vm\interpreter\linkResolver.cpp, line 1178]
Event: 1.551 Thread 0x000000000126d800 Exception <a 'java/lang/NullPointerException'> (0x0000000785f76b08) thrown at [C:\re\workspace\8-2-build-windows-amd64-cygwin\jdk8u111\7883\hotspot\src\share\vm\interpreter\linkResolver.cpp, line 1178]
Event: 1.551 Thread 0x000000000126d800 Exception <a 'java/lang/NullPointerException'> (0x0000000785f76d20) thrown at [C:\re\workspace\8-2-build-windows-amd64-cygwin\jdk8u111\7883\hotspot\src\share\vm\interpreter\linkResolver.cpp, line 1178]
Event: 1.551 Thread 0x000000000126d800 Exception <a 'java/lang/NullPointerException'> (0x0000000785f76f38) thrown at [C:\re\workspace\8-2-build-windows-amd64-cygwin\jdk8u111\7883\hotspot\src\share\vm\interpreter\linkResolver.cpp, line 1178]
Event: 1.577 Thread 0x000000000126d800 Implicit null exception at 0x0000000002e79a96 to 0x0000000002e79e45
Event: 1.577 Thread 0x000000000126d800 Implicit null exception at 0x0000000002e5ec54 to 0x0000000002e5f029
Event: 1.747 Thread 0x000000000126d800 Implicit null exception at 0x0000000003260d67 to 0x0000000003262085
Event: 2.708 Thread 0x000000000126d800 Implicit null exception at 0x000000000305d015 to 0x000000000305d219
Event: 3.070 Thread 0x000000000126d800 Implicit null exception at 0x0000000002d9d503 to 0x0000000002d9d74d

Events (10 events):
Event: 3.063 Thread 0x000000001baad800 flushing nmethod 0x0000000002daad50
Event: 3.063 Thread 0x000000001baad800 flushing nmethod 0x0000000002dac7d0
Event: 3.063 Thread 0x000000001baad800 flushing nmethod 0x0000000002daccd0
Event: 3.063 Thread 0x000000001baad800 flushing nmethod 0x0000000002dad310
Event: 3.063 Thread 0x000000001baad800 flushing nmethod 0x0000000002dc0810
Event: 3.064 Thread 0x000000001baad800 flushing nmethod 0x0000000002e036d0
Event: 3.064 Thread 0x000000001baad800 flushing nmethod 0x0000000002e0ea90
Event: 3.070 Thread 0x000000000126d800 Uncommon trap: trap_request=0xfffffff4 fr.pc=0x0000000002d9d768
Event: 3.070 Thread 0x000000000126d800 DEOPT PACKING pc=0x0000000002d9d768 sp=0x0000000002b8ca70
Event: 3.070 Thread 0x000000000126d800 DEOPT UNPACKING pc=0x0000000002cd582a sp=0x0000000002b8ca30 mode 2


Dynamic libraries:
0x00007ff714930000 - 0x00007ff714967000 	C:\Program Files\Java\JDK\jdk1.8.0_111\bin\javaw.exe
0x00007fff284b0000 - 0x00007fff286a5000 	C:\WINDOWS\SYSTEM32\ntdll.dll
0x00007fff26dd0000 - 0x00007fff26e8d000 	C:\WINDOWS\System32\KERNEL32.DLL
0x00007fff25ef0000 - 0x00007fff261b9000 	C:\WINDOWS\System32\KERNELBASE.dll
0x00007fff27e40000 - 0x00007fff27eec000 	C:\WINDOWS\System32\ADVAPI32.dll
0x00007fff27bf0000 - 0x00007fff27c8e000 	C:\WINDOWS\System32\msvcrt.dll
0x00007fff26520000 - 0x00007fff265bb000 	C:\WINDOWS\System32\sechost.dll
0x00007fff26ea0000 - 0x00007fff26fca000 	C:\WINDOWS\System32\RPCRT4.dll
0x00007fff280f0000 - 0x00007fff28290000 	C:\WINDOWS\System32\USER32.dll
0x00007fff25ca0000 - 0x00007fff25cc2000 	C:\WINDOWS\System32\win32u.dll
0x00007fff26fd0000 - 0x00007fff26ffa000 	C:\WINDOWS\System32\GDI32.dll
0x00007fff263b0000 - 0x00007fff264bb000 	C:\WINDOWS\System32\gdi32full.dll
0x00007fff261c0000 - 0x00007fff2625d000 	C:\WINDOWS\System32\msvcp_win.dll
0x00007fff262b0000 - 0x00007fff263b0000 	C:\WINDOWS\System32\ucrtbase.dll
0x00007fff1e0a0000 - 0x00007fff1e33a000 	C:\WINDOWS\WinSxS\amd64_microsoft.windows.common-controls_6595b64144ccf1df_6.0.19041.1110_none_60b5254171f9507e\COMCTL32.dll
0x00007fff27b40000 - 0x00007fff27b70000 	C:\WINDOWS\System32\IMM32.DLL
0x00000000759e0000 - 0x0000000075ab2000 	C:\Program Files\Java\JDK\jdk1.8.0_111\jre\bin\msvcr100.dll
0x0000000074ea0000 - 0x000000007573a000 	C:\Program Files\Java\JDK\jdk1.8.0_111\jre\bin\server\jvm.dll
0x00007fff280e0000 - 0x00007fff280e8000 	C:\WINDOWS\System32\PSAPI.DLL
0x00007fff13a80000 - 0x00007fff13a89000 	C:\WINDOWS\SYSTEM32\WSOCK32.dll
0x00007fff1db30000 - 0x00007fff1db3a000 	C:\WINDOWS\SYSTEM32\VERSION.dll
0x00007fff12b40000 - 0x00007fff12b67000 	C:\WINDOWS\SYSTEM32\WINMM.dll
0x00007fff28290000 - 0x00007fff282fb000 	C:\WINDOWS\System32\WS2_32.dll
0x00000000759d0000 - 0x00000000759df000 	C:\Program Files\Java\JDK\jdk1.8.0_111\jre\bin\verify.dll
0x00000000759a0000 - 0x00000000759c9000 	C:\Program Files\Java\JDK\jdk1.8.0_111\jre\bin\java.dll
0x0000000075980000 - 0x0000000075996000 	C:\Program Files\Java\JDK\jdk1.8.0_111\jre\bin\zip.dll
0x00007fff26670000 - 0x00007fff26daf000 	C:\WINDOWS\System32\SHELL32.dll
0x00007fff23a10000 - 0x00007fff241a1000 	C:\WINDOWS\SYSTEM32\windows.storage.dll
0x00007fff277e0000 - 0x00007fff27b35000 	C:\WINDOWS\System32\combase.dll
0x00007fff25590000 - 0x00007fff255bc000 	C:\WINDOWS\SYSTEM32\Wldp.dll
0x00007fff265c0000 - 0x00007fff2666e000 	C:\WINDOWS\System32\SHCORE.dll
0x00007fff28360000 - 0x00007fff283b5000 	C:\WINDOWS\System32\shlwapi.dll
0x00007fff25b30000 - 0x00007fff25b4f000 	C:\WINDOWS\SYSTEM32\profapi.dll
0x00007fff254d0000 - 0x00007fff254e8000 	C:\WINDOWS\SYSTEM32\CRYPTSP.dll
0x00007fff24c90000 - 0x00007fff24cc4000 	C:\WINDOWS\system32\rsaenh.dll
0x00007fff25d60000 - 0x00007fff25d87000 	C:\WINDOWS\System32\bcrypt.dll
0x00007fff25af0000 - 0x00007fff25b1e000 	C:\WINDOWS\SYSTEM32\USERENV.dll
0x00007fff25cd0000 - 0x00007fff25d53000 	C:\WINDOWS\System32\bcryptprimitives.dll
0x00007fff254f0000 - 0x00007fff254fc000 	C:\WINDOWS\SYSTEM32\CRYPTBASE.dll
0x0000000075960000 - 0x000000007597a000 	C:\Program Files\Java\JDK\jdk1.8.0_111\jre\bin\net.dll
0x00007fff252f0000 - 0x00007fff2535a000 	C:\WINDOWS\system32\mswsock.dll
0x00007fff24fe0000 - 0x00007fff2501b000 	C:\WINDOWS\SYSTEM32\IPHLPAPI.DLL
0x00007fff26e90000 - 0x00007fff26e98000 	C:\WINDOWS\System32\NSI.dll
0x00007fff1df30000 - 0x00007fff1df47000 	C:\WINDOWS\SYSTEM32\dhcpcsvc6.DLL
0x00007fff1ec60000 - 0x00007fff1ec7d000 	C:\WINDOWS\SYSTEM32\dhcpcsvc.DLL
0x00007fff25020000 - 0x00007fff250ec000 	C:\WINDOWS\SYSTEM32\DNSAPI.dll
0x0000000075940000 - 0x0000000075951000 	C:\Program Files\Java\JDK\jdk1.8.0_111\jre\bin\nio.dll
0x00007fff1b0c0000 - 0x00007fff1b0ca000 	C:\Users\User\AppData\Local\Temp\jansi-1.17.1-382080799974191986.dll
0x00007fff241c0000 - 0x00007fff243a4000 	C:\WINDOWS\SYSTEM32\dbghelp.dll

VM Arguments:
jvm_args: -Dmaven.home=EMBEDDED -Dclassworlds.conf=E:\Vijayalakshmi I0025\Lab activities- SRM\week1\Day1\.metadata\.plugins\org.eclipse.m2e.launching\launches\m2conf2630681862389729438.tmp -Dmaven.multiModuleProjectDirectory=E:\Vijayalakshmi I0025\Training_II\Reactjs\React\SocietyFinanceManagement\sfmbackend\sfmbackend -Djansi.force=true -Djansi.passthrough=true -Dfile.encoding=Cp1252 
java_command: org.codehaus.plexus.classworlds.launcher.Launcher -B clean install -Dstyle.color=always
java_class_path (initial): C:\Users\User\Downloads\sts-4.9.0.RELEASE\plugins\org.eclipse.m2e.maven.runtime_1.16.0.20200610-1735\jars\plexus-classworlds-2.6.0.jar
Launcher Type: SUN_STANDARD

Environment Variables:
JAVA_HOME=C:\Java\jdk-11.0.12
PATH=C:/Users/User/Downloads/sts-4.9.0.RELEASE//plugins/org.eclipse.justj.openjdk.hotspot.jre.full.win32.x86_64_15.0.1.v20201027-0507/jre/bin/server;C:/Users/User/Downloads/sts-4.9.0.RELEASE//plugins/org.eclipse.justj.openjdk.hotspot.jre.full.win32.x86_64_15.0.1.v20201027-0507/jre/bin;C:\Program Files\Common Files\Oracle\Java\javapath;C:\app\User\product\18.0.0\dbhomeXE\bin;C:\Program Files\AdoptOpenJDK\jdk-11.0.10.9-hotspot\bin;C:\Program Files (x86)\Common Files\Oracle\Java\javapath;C:\WINDOWS\system32;C:\WINDOWS;C:\WINDOWS\System32\Wbem;C:\WINDOWS\System32\WindowsPowerShell\v1.0\;C:\WINDOWS\System32\OpenSSH\;C:\Program Files\nodejs\;C:\Program Files\Git\cmd;C:\Users\User\Downloads\sonar-scanner-cli-4.6.2.2472-windows\sonar-scanner-4.6.2.2472-windows\bin;C:\Program Files\Java\apache-maven-3.8.1-bin(1)\apache-maven-3.8.1\bin;C:\Program Files\MySQL\MySQL Shell 8.0\bin\;C:\Users\User\AppData\Local\Microsoft\WindowsApps;C:\Users\User\AppData\Local\Programs\Microsoft VS Code\bin;C:\Users\User\AppData\Roaming\npm;C:\Users\User\AppData\Local\GitHubDesktop\bin;C:\Program Files\Java\apache-maven-3.8.1-bin(1)\apache-maven-3.8.1\bin;;C:\Users\User\Downloads\sts-4.9.0.RELEASE;
USERNAME=User
OS=Windows_NT
PROCESSOR_IDENTIFIER=Intel64 Family 6 Model 142 Stepping 10, GenuineIntel



---------------  S Y S T E M  ---------------

OS: Windows 10.0 , 64 bit Build 19041 (10.0.19041.1023)

CPU:total 8 (4 cores per cpu, 2 threads per core) family 6 model 142 stepping 10, cmov, cx8, fxsr, mmx, sse, sse2, sse3, ssse3, sse4.1, sse4.2, popcnt, avx, avx2, aes, clmul, erms, 3dnowpref, lzcnt, ht, tsc, tscinvbit, bmi1, bmi2, adx

Memory: 4k page, physical 11810844k(3502576k free), swap 26326964k(42704k free)

vm_info: Java HotSpot(TM) 64-Bit Server VM (25.111-b14) for windows-amd64 JRE (1.8.0_111-b14), built on Sep 22 2016 19:24:05 by "java_re" with MS VC++ 10.0 (VS2010)

time: Thu Aug 12 16:08:06 2021
elapsed time: 3 seconds (0d 0h 0m 3s)

